# JRE version: OpenJDK Runtime Environment Temurin-21.0.10+7 (21.0.10+7) (build 21.0.10+7-LTS)
# Java VM: OpenJDK 64-Bit Server VM Temurin-21.0.10+7 (21.0.10+7-LTS, mixed mode, sharing, tiered, compressed oops, compressed class ptrs, g1 gc, windows-amd64)
GC Precious Log:
 CardTable entry size: 512
 Card Set container configuration: InlinePtr #cards 5 size 8 Array Of Cards #cards 12 size 40 Howl #buckets 4 coarsen threshold 1843 Howl Bitmap #cards 512 size 80 coarsen threshold 460 Card regions per heap region 1 cards per card region 2048
 CPUs: 4 total, 4 available
 Memory: 8063M
 Large Page Support: Disabled
 NUMA Support: Disabled
 Compressed Oops: Enabled (32-bit)
 Heap Region Size: 1M
 Heap Min Capacity: 8M
 Heap Initial Capacity: 126M
 Heap Max Capacity: 2016M
 Pre-touch: Disabled
 Parallel Workers: 4
 Concurrent Workers: 1
 Concurrent Refinement Workers: 4
 Periodic GC: Disabled
Heap:
 garbage-first heap   total 50176K, used 40528K [0x0000000082000000, 0x0000000100000000)
  region size 1024K, 14 young (14336K), 2 survivors (2048K)
 Metaspace       used 69820K, committed 70528K, reserved 1114112K
  class space    used 9782K, committed 10112K, reserved 1048576K
GC Heap History (20 events):
Event: 6.913 GC heap before
{Heap before GC invocations=6 (full 0):
 garbage-first heap   total 48128K, used 37166K [0x0000000082000000, 0x0000000100000000)
  region size 1024K, 24 young (24576K), 3 survivors (3072K)
 Metaspace       used 28381K, committed 28864K, reserved 1114112K
  class space    used 3801K, committed 4032K, reserved 1048576K
}
Event: 6.926 GC heap after
{Heap after GC invocations=7 (full 0):
 garbage-first heap   total 48128K, used 17776K [0x0000000082000000, 0x0000000100000000)
  region size 1024K, 3 young (3072K), 3 survivors (3072K)
 Metaspace       used 28381K, committed 28864K, reserved 1114112K
  class space    used 3801K, committed 4032K, reserved 1048576K
}
Event: 9.202 GC heap before
{Heap before GC invocations=7 (full 0):
 garbage-first heap   total 48128K, used 37232K [0x0000000082000000, 0x0000000100000000)
  region size 1024K, 23 young (23552K), 3 survivors (3072K)
 Metaspace       used 33468K, committed 33984K, reserved 1114112K
  class space    used 4390K, committed 4608K, reserved 1048576K
}
Event: 9.209 GC heap after
{Heap after GC invocations=8 (full 0):
 garbage-first heap   total 48128K, used 19743K [0x0000000082000000, 0x0000000100000000)
  region size 1024K, 2 young (2048K), 2 survivors (2048K)
 Metaspace       used 33468K, committed 33984K, reserved 1114112K
  class space    used 4390K, committed 4608K, reserved 1048576K
}
Event: 9.491 GC heap before
{Heap before GC invocations=8 (full 0):
 garbage-first heap   total 48128K, used 25887K [0x0000000082000000, 0x0000000100000000)
  region size 1024K, 9 young (9216K), 2 survivors (2048K)
 Metaspace       used 35459K, committed 35968K, reserved 1114112K
  class space    used 4684K, committed 4928K, reserved 1048576K
}
Event: 9.495 GC heap after
{Heap after GC invocations=9 (full 0):
 garbage-first heap   total 48128K, used 20059K [0x0000000082000000, 0x0000000100000000)
  region size 1024K, 1 young (1024K), 1 survivors (1024K)
 Metaspace       used 35459K, committed 35968K, reserved 1114112K
  class space    used 4684K, committed 4928K, reserved 1048576K
}
Event: 10.597 GC heap before
{Heap before GC invocations=10 (full 0):
 garbage-first heap   total 48128K, used 40539K [0x0000000082000000, 0x0000000100000000)
  region size 1024K, 21 young (21504K), 1 survivors (1024K)
 Metaspace       used 40108K, committed 40640K, reserved 1114112K
  class space    used 5622K, committed 5888K, reserved 1048576K
}
Event: 10.602 GC heap after
{Heap after GC invocations=11 (full 0):
 garbage-first heap   total 48128K, used 21734K [0x0000000082000000, 0x0000000100000000)
  region size 1024K, 3 young (3072K), 3 survivors (3072K)
 Metaspace       used 40108K, committed 40640K, reserved 1114112K
  class space    used 5622K, committed 5888K, reserved 1048576K
}
Event: 11.830 GC heap before
{Heap before GC invocations=11 (full 0):
 garbage-first heap   total 48128K, used 40166K [0x0000000082000000, 0x0000000100000000)
  region size 1024K, 21 young (21504K), 3 survivors (3072K)
 Metaspace       used 46009K, committed 46592K, reserved 1114112K
  class space    used 6358K, committed 6656K, reserved 1048576K
}
Event: 11.838 GC heap after
{Heap after GC invocations=12 (full 0):
 garbage-first heap   total 48128K, used 23556K [0x0000000082000000, 0x0000000100000000)
  region size 1024K, 3 young (3072K), 3 survivors (3072K)
 Metaspace       used 46009K, committed 46592K, reserved 1114112K
  class space    used 6358K, committed 6656K, reserved 1048576K
}
Event: 12.693 GC heap before
{Heap before GC invocations=12 (full 0):
 garbage-first heap   total 48128K, used 39940K [0x0000000082000000, 0x0000000100000000)
  region size 1024K, 20 young (20480K), 3 survivors (3072K)
 Metaspace       used 50615K, committed 51200K, reserved 1114112K
  class space    used 6930K, committed 7232K, reserved 1048576K
}
Event: 12.698 GC heap after
{Heap after GC invocations=13 (full 0):
 garbage-first heap   total 48128K, used 24865K [0x0000000082000000, 0x0000000100000000)
  region size 1024K, 2 young (2048K), 2 survivors (2048K)
 Metaspace       used 50615K, committed 51200K, reserved 1114112K
  class space    used 6930K, committed 7232K, reserved 1048576K
}
Event: 13.370 GC heap before
{Heap before GC invocations=13 (full 0):
 garbage-first heap   total 48128K, used 42273K [0x0000000082000000, 0x0000000100000000)
  region size 1024K, 19 young (19456K), 2 survivors (2048K)
 Metaspace       used 56776K, committed 57408K, reserved 1114112K
  class space    used 7878K, committed 8192K, reserved 1048576K
}
Event: 13.374 GC heap after
{Heap after GC invocations=14 (full 0):
 garbage-first heap   total 48128K, used 25529K [0x0000000082000000, 0x0000000100000000)
  region size 1024K, 2 young (2048K), 2 survivors (2048K)
 Metaspace       used 56776K, committed 57408K, reserved 1114112K
  class space    used 7878K, committed 8192K, reserved 1048576K
}
Event: 14.154 GC heap before
{Heap before GC invocations=15 (full 0):
 garbage-first heap   total 48128K, used 41913K [0x0000000082000000, 0x0000000100000000)
  region size 1024K, 19 young (19456K), 2 survivors (2048K)
 Metaspace       used 61369K, committed 62016K, reserved 1114112K
  class space    used 8636K, committed 8960K, reserved 1048576K
}
Event: 14.158 GC heap after
{Heap after GC invocations=16 (full 0):
 garbage-first heap   total 48128K, used 26236K [0x0000000082000000, 0x0000000100000000)
  region size 1024K, 2 young (2048K), 2 survivors (2048K)
 Metaspace       used 61369K, committed 62016K, reserved 1114112K
  class space    used 8636K, committed 8960K, reserved 1048576K
}
Event: 14.955 GC heap before
{Heap before GC invocations=16 (full 0):
 garbage-first heap   total 48128K, used 41596K [0x0000000082000000, 0x0000000100000000)
  region size 1024K, 18 young (18432K), 2 survivors (2048K)
 Metaspace       used 64778K, committed 65408K, reserved 1114112K
  class space    used 9087K, committed 9344K, reserved 1048576K
}
Event: 14.961 GC heap after
{Heap after GC invocations=17 (full 0):
 garbage-first heap   total 48128K, used 27648K [0x0000000082000000, 0x0000000100000000)
  region size 1024K, 3 young (3072K), 3 survivors (3072K)
 Metaspace       used 64778K, committed 65408K, reserved 1114112K
  class space    used 9087K, committed 9344K, reserved 1048576K
}
Event: 15.809 GC heap before
{Heap before GC invocations=17 (full 0):
 garbage-first heap   total 48128K, used 44032K [0x0000000082000000, 0x0000000100000000)
  region size 1024K, 19 young (19456K), 3 survivors (3072K)
 Metaspace       used 67533K, committed 68160K, reserved 1114112K
  class space    used 9453K, committed 9728K, reserved 1048576K
}
Event: 15.818 GC heap after
{Heap after GC invocations=18 (full 0):
 garbage-first heap   total 49152K, used 29264K [0x0000000082000000, 0x0000000100000000)
  region size 1024K, 2 young (2048K), 2 survivors (2048K)
 Metaspace       used 67533K, committed 68160K, reserved 1114112K
  class space    used 9453K, committed 9728K, reserved 1048576K
}

