# JRE version: OpenJDK Runtime Environment Temurin-21.0.10+7 (21.0.10+7) (build 21.0.10+7-LTS)
# Java VM: OpenJDK 64-Bit Server VM Temurin-21.0.10+7 (21.0.10+7-LTS, mixed mode, sharing, tiered, compressed oops, compressed class ptrs, g1 gc, windows-amd64)
GC Precious Log:
 CardTable entry size: 512
 Card Set container configuration: InlinePtr #cards 5 size 8 Array Of Cards #cards 12 size 40 Howl #buckets 4 coarsen threshold 1843 Howl Bitmap #cards 512 size 80 coarsen threshold 460 Card regions per heap region 1 cards per card region 2048
 CPUs: 4 total, 4 available
 Memory: 8063M
 Large Page Support: Disabled
 NUMA Support: Disabled
 Compressed Oops: Enabled (32-bit)
 Heap Region Size: 1M
 Heap Min Capacity: 8M
 Heap Initial Capacity: 126M
 Heap Max Capacity: 2016M
 Pre-touch: Disabled
 Parallel Workers: 4
 Concurrent Workers: 1
 Concurrent Refinement Workers: 4
 Periodic GC: Disabled
Heap:
 garbage-first heap   total 48128K, used 33127K [0x0000000082000000, 0x0000000100000000)
  region size 1024K, 12 young (12288K), 2 survivors (2048K)
 Metaspace       used 53548K, committed 54144K, reserved 1114112K
  class space    used 7270K, committed 7552K, reserved 1048576K
GC Heap History (20 events):
Event: 2.883 GC heap before
{Heap before GC invocations=1 (full 0):
 garbage-first heap   total 129024K, used 19285K [0x0000000082000000, 0x0000000100000000)
  region size 1024K, 15 young (15360K), 2 survivors (2048K)
 Metaspace       used 7333K, committed 7552K, reserved 1114112K
  class space    used 904K, committed 960K, reserved 1048576K
}
Event: 2.889 GC heap after
{Heap after GC invocations=2 (full 0):
 garbage-first heap   total 129024K, used 8230K [0x0000000082000000, 0x0000000100000000)
  region size 1024K, 2 young (2048K), 2 survivors (2048K)
 Metaspace       used 7333K, committed 7552K, reserved 1114112K
  class space    used 904K, committed 960K, reserved 1048576K
}
Event: 4.578 GC heap before
{Heap before GC invocations=2 (full 0):
 garbage-first heap   total 129024K, used 39974K [0x0000000082000000, 0x0000000100000000)
  region size 1024K, 34 young (34816K), 2 survivors (2048K)
 Metaspace       used 16287K, committed 16640K, reserved 1114112K
  class space    used 2184K, committed 2304K, reserved 1048576K
}
Event: 4.586 GC heap after
{Heap after GC invocations=3 (full 0):
 garbage-first heap   total 129024K, used 10968K [0x0000000082000000, 0x0000000100000000)
  region size 1024K, 4 young (4096K), 4 survivors (4096K)
 Metaspace       used 16287K, committed 16640K, reserved 1114112K
  class space    used 2184K, committed 2304K, reserved 1048576K
}
Event: 5.916 GC heap before
{Heap before GC invocations=3 (full 0):
 garbage-first heap   total 129024K, used 31448K [0x0000000082000000, 0x0000000100000000)
  region size 1024K, 26 young (26624K), 4 survivors (4096K)
 Metaspace       used 21136K, committed 21504K, reserved 1114112K
  class space    used 2766K, committed 2944K, reserved 1048576K
}
Event: 5.928 GC heap after
{Heap after GC invocations=4 (full 0):
 garbage-first heap   total 129024K, used 13716K [0x0000000082000000, 0x0000000100000000)
  region size 1024K, 7 young (7168K), 7 survivors (7168K)
 Metaspace       used 21136K, committed 21504K, reserved 1114112K
  class space    used 2766K, committed 2944K, reserved 1048576K
}
Event: 7.493 GC heap before
{Heap before GC invocations=5 (full 0):
 garbage-first heap   total 48128K, used 35220K [0x0000000082000000, 0x0000000100000000)
  region size 1024K, 28 young (28672K), 7 survivors (7168K)
 Metaspace       used 24142K, committed 24576K, reserved 1114112K
  class space    used 3148K, committed 3328K, reserved 1048576K
}
Event: 7.510 GC heap after
{Heap after GC invocations=6 (full 0):
 garbage-first heap   total 48128K, used 15526K [0x0000000082000000, 0x0000000100000000)
  region size 1024K, 3 young (3072K), 3 survivors (3072K)
 Metaspace       used 24142K, committed 24576K, reserved 1114112K
  class space    used 3148K, committed 3328K, reserved 1048576K
}
Event: 9.270 GC heap before
{Heap before GC invocations=6 (full 0):
 garbage-first heap   total 48128K, used 36006K [0x0000000082000000, 0x0000000100000000)
  region size 1024K, 24 young (24576K), 3 survivors (3072K)
 Metaspace       used 28243K, committed 28736K, reserved 1114112K
  class space    used 3783K, committed 4032K, reserved 1048576K
}
Event: 9.286 GC heap after
{Heap after GC invocations=7 (full 0):
 garbage-first heap   total 48128K, used 17888K [0x0000000082000000, 0x0000000100000000)
  region size 1024K, 3 young (3072K), 3 survivors (3072K)
 Metaspace       used 28243K, committed 28736K, reserved 1114112K
  class space    used 3783K, committed 4032K, reserved 1048576K
}
Event: 11.373 GC heap before
{Heap before GC invocations=7 (full 0):
 garbage-first heap   total 48128K, used 37344K [0x0000000082000000, 0x0000000100000000)
  region size 1024K, 23 young (23552K), 3 survivors (3072K)
 Metaspace       used 33394K, committed 33984K, reserved 1114112K
  class space    used 4381K, committed 4608K, reserved 1048576K
}
Event: 11.381 GC heap after
{Heap after GC invocations=8 (full 0):
 garbage-first heap   total 48128K, used 19867K [0x0000000082000000, 0x0000000100000000)
  region size 1024K, 2 young (2048K), 2 survivors (2048K)
 Metaspace       used 33394K, committed 33984K, reserved 1114112K
  class space    used 4381K, committed 4608K, reserved 1048576K
}
Event: 12.167 GC heap before
{Heap before GC invocations=8 (full 0):
 garbage-first heap   total 48128K, used 26011K [0x0000000082000000, 0x0000000100000000)
  region size 1024K, 9 young (9216K), 2 survivors (2048K)
 Metaspace       used 35449K, committed 35968K, reserved 1114112K
  class space    used 4674K, committed 4928K, reserved 1048576K
}
Event: 12.170 GC heap after
{Heap after GC invocations=9 (full 0):
 garbage-first heap   total 48128K, used 20421K [0x0000000082000000, 0x0000000100000000)
  region size 1024K, 1 young (1024K), 1 survivors (1024K)
 Metaspace       used 35449K, committed 35968K, reserved 1114112K
  class space    used 4674K, committed 4928K, reserved 1048576K
}
Event: 13.840 GC heap before
{Heap before GC invocations=10 (full 0):
 garbage-first heap   total 48128K, used 40901K [0x0000000082000000, 0x0000000100000000)
  region size 1024K, 21 young (21504K), 1 survivors (1024K)
 Metaspace       used 40115K, committed 40704K, reserved 1114112K
  class space    used 5622K, committed 5888K, reserved 1048576K
}
Event: 13.845 GC heap after
{Heap after GC invocations=11 (full 0):
 garbage-first heap   total 48128K, used 22051K [0x0000000082000000, 0x0000000100000000)
  region size 1024K, 3 young (3072K), 3 survivors (3072K)
 Metaspace       used 40115K, committed 40704K, reserved 1114112K
  class space    used 5622K, committed 5888K, reserved 1048576K
}
Event: 15.793 GC heap before
{Heap before GC invocations=11 (full 0):
 garbage-first heap   total 48128K, used 40483K [0x0000000082000000, 0x0000000100000000)
  region size 1024K, 21 young (21504K), 3 survivors (3072K)
 Metaspace       used 46011K, committed 46656K, reserved 1114112K
  class space    used 6360K, committed 6656K, reserved 1048576K
}
Event: 15.799 GC heap after
{Heap after GC invocations=12 (full 0):
 garbage-first heap   total 48128K, used 23550K [0x0000000082000000, 0x0000000100000000)
  region size 1024K, 3 young (3072K), 3 survivors (3072K)
 Metaspace       used 46011K, committed 46656K, reserved 1114112K
  class space    used 6360K, committed 6656K, reserved 1048576K
}
Event: 17.150 GC heap before
{Heap before GC invocations=12 (full 0):
 garbage-first heap   total 48128K, used 39934K [0x0000000082000000, 0x0000000100000000)
  region size 1024K, 20 young (20480K), 3 survivors (3072K)
 Metaspace       used 50516K, committed 51136K, reserved 1114112K
  class space    used 6888K, committed 7168K, reserved 1048576K
}
Event: 17.157 GC heap after
{Heap after GC invocations=13 (full 0):
 garbage-first heap   total 48128K, used 24935K [0x0000000082000000, 0x0000000100000000)
  region size 1024K, 2 young (2048K), 2 survivors (2048K)
 Metaspace       used 50516K, committed 51136K, reserved 1114112K
  class space    used 6888K, committed 7168K, reserved 1048576K
}

