# JRE version: OpenJDK Runtime Environment Temurin-21.0.10+7 (21.0.10+7) (build 21.0.10+7-LTS)
# Java VM: OpenJDK 64-Bit Server VM Temurin-21.0.10+7 (21.0.10+7-LTS, mixed mode, sharing, tiered, compressed oops, compressed class ptrs, parallel gc, windows-amd64)
GC Precious Log:
 CardTable entry size: 512
 CPUs: 4 total, 4 available
 Memory: 8063M
 Large Page Support: Disabled
 NUMA Support: Disabled
 Compressed Oops: Enabled (32-bit)
 Alignments: Space 512K, Generation 512K, Heap 2M
 Heap Min Capacity: 100M
 Heap Initial Capacity: 100M
 Heap Max Capacity: 2G
 Pre-touch: Disabled
 Parallel Workers: 4
Heap:
 PSYoungGen      total 7680K, used 2113K [0x00000000d5580000, 0x00000000d6080000, 0x0000000100000000)
  eden space 7168K, 25% used [0x00000000d5580000,0x00000000d5743260,0x00000000d5c80000)
  from space 512K, 60% used [0x00000000d6000000,0x00000000d604d200,0x00000000d6080000)
  to   space 512K, 0% used [0x00000000d5f80000,0x00000000d5f80000,0x00000000d6000000)
 ParOldGen       total 156160K, used 155909K [0x0000000080000000, 0x0000000089880000, 0x00000000d5580000)
  object space 156160K, 99% used [0x0000000080000000,0x00000000898414e8,0x0000000089880000)
 Metaspace       used 64428K, committed 65856K, reserved 1114112K
  class space    used 6833K, committed 7424K, reserved 1048576K
GC Heap History (20 events):
Event: 44.247 GC heap before
{Heap before GC invocations=78 (full 3):
 PSYoungGen      total 15872K, used 15424K [0x00000000d5580000, 0x00000000d6e00000, 0x0000000100000000)
  eden space 8704K, 100% used [0x00000000d5580000,0x00000000d5e00000,0x00000000d5e00000)
  from space 7168K, 93% used [0x00000000d6700000,0x00000000d6d90000,0x00000000d6e00000)
  to   space 7168K, 0% used [0x00000000d5e00000,0x00000000d5e00000,0x00000000d6500000)
 ParOldGen       total 135168K, used 134913K [0x0000000080000000, 0x0000000088400000, 0x00000000d5580000)
  object space 135168K, 99% used [0x0000000080000000,0x00000000883c05f8,0x0000000088400000)
 Metaspace       used 62629K, committed 64000K, reserved 1114112K
  class space    used 6614K, committed 7168K, reserved 1048576K
}
Event: 44.260 GC heap after
{Heap after GC invocations=78 (full 3):
 PSYoungGen      total 15872K, used 6688K [0x00000000d5580000, 0x00000000d6c00000, 0x0000000100000000)
  eden space 8704K, 0% used [0x00000000d5580000,0x00000000d5580000,0x00000000d5e00000)
  from space 7168K, 93% used [0x00000000d5e00000,0x00000000d6488000,0x00000000d6500000)
  to   space 7168K, 0% used [0x00000000d6500000,0x00000000d6500000,0x00000000d6c00000)
 ParOldGen       total 141824K, used 141593K [0x0000000080000000, 0x0000000088a80000, 0x00000000d5580000)
  object space 141824K, 99% used [0x0000000080000000,0x0000000088a465f8,0x0000000088a80000)
 Metaspace       used 62629K, committed 64000K, reserved 1114112K
  class space    used 6614K, committed 7168K, reserved 1048576K
}
Event: 47.026 GC heap before
{Heap before GC invocations=79 (full 3):
 PSYoungGen      total 15872K, used 15392K [0x00000000d5580000, 0x00000000d6c00000, 0x0000000100000000)
  eden space 8704K, 100% used [0x00000000d5580000,0x00000000d5e00000,0x00000000d5e00000)
  from space 7168K, 93% used [0x00000000d5e00000,0x00000000d6488000,0x00000000d6500000)
  to   space 7168K, 0% used [0x00000000d6500000,0x00000000d6500000,0x00000000d6c00000)
 ParOldGen       total 141824K, used 141593K [0x0000000080000000, 0x0000000088a80000, 0x00000000d5580000)
  object space 141824K, 99% used [0x0000000080000000,0x0000000088a465f8,0x0000000088a80000)
 Metaspace       used 62888K, committed 64384K, reserved 1114112K
  class space    used 6646K, committed 7296K, reserved 1048576K
}
Event: 47.039 GC heap after
{Heap after GC invocations=79 (full 3):
 PSYoungGen      total 9728K, used 919K [0x00000000d5580000, 0x00000000d6600000, 0x0000000100000000)
  eden space 8704K, 0% used [0x00000000d5580000,0x00000000d5580000,0x00000000d5e00000)
  from space 1024K, 89% used [0x00000000d6500000,0x00000000d65e5c38,0x00000000d6600000)
  to   space 3072K, 0% used [0x00000000d6000000,0x00000000d6000000,0x00000000d6300000)
 ParOldGen       total 148480K, used 148249K [0x0000000080000000, 0x0000000089100000, 0x00000000d5580000)
  object space 148480K, 99% used [0x0000000080000000,0x00000000890c65f8,0x0000000089100000)
 Metaspace       used 62888K, committed 64384K, reserved 1114112K
  class space    used 6646K, committed 7296K, reserved 1048576K
}
Event: 47.182 GC heap before
{Heap before GC invocations=80 (full 3):
 PSYoungGen      total 9728K, used 9623K [0x00000000d5580000, 0x00000000d6600000, 0x0000000100000000)
  eden space 8704K, 100% used [0x00000000d5580000,0x00000000d5e00000,0x00000000d5e00000)
  from space 1024K, 89% used [0x00000000d6500000,0x00000000d65e5c38,0x00000000d6600000)
  to   space 3072K, 0% used [0x00000000d6000000,0x00000000d6000000,0x00000000d6300000)
 ParOldGen       total 148480K, used 148249K [0x0000000080000000, 0x0000000089100000, 0x00000000d5580000)
  object space 148480K, 99% used [0x0000000080000000,0x00000000890c65f8,0x0000000089100000)
 Metaspace       used 63261K, committed 64704K, reserved 1114112K
  class space    used 6688K, committed 7296K, reserved 1048576K
}
Event: 47.185 GC heap after
{Heap after GC invocations=80 (full 3):
 PSYoungGen      total 11776K, used 244K [0x00000000d5580000, 0x00000000d6580000, 0x0000000100000000)
  eden space 8704K, 0% used [0x00000000d5580000,0x00000000d5580000,0x00000000d5e00000)
  from space 3072K, 7% used [0x00000000d6000000,0x00000000d603d220,0x00000000d6300000)
  to   space 1024K, 0% used [0x00000000d6480000,0x00000000d6480000,0x00000000d6580000)
 ParOldGen       total 148992K, used 148966K [0x0000000080000000, 0x0000000089180000, 0x00000000d5580000)
  object space 148992K, 99% used [0x0000000080000000,0x0000000089179910,0x0000000089180000)
 Metaspace       used 63261K, committed 64704K, reserved 1114112K
  class space    used 6688K, committed 7296K, reserved 1048576K
}
Event: 47.369 GC heap before
{Heap before GC invocations=81 (full 3):
 PSYoungGen      total 11776K, used 8948K [0x00000000d5580000, 0x00000000d6580000, 0x0000000100000000)
  eden space 8704K, 100% used [0x00000000d5580000,0x00000000d5e00000,0x00000000d5e00000)
  from space 3072K, 7% used [0x00000000d6000000,0x00000000d603d220,0x00000000d6300000)
  to   space 1024K, 0% used [0x00000000d6480000,0x00000000d6480000,0x00000000d6580000)
 ParOldGen       total 148992K, used 148966K [0x0000000080000000, 0x0000000089180000, 0x00000000d5580000)
  object space 148992K, 99% used [0x0000000080000000,0x0000000089179910,0x0000000089180000)
 Metaspace       used 63386K, committed 64832K, reserved 1114112K
  class space    used 6697K, committed 7296K, reserved 1048576K
}
Event: 47.371 GC heap after
{Heap after GC invocations=81 (full 3):
 PSYoungGen      total 9728K, used 1017K [0x00000000d5580000, 0x00000000d6580000, 0x0000000100000000)
  eden space 8704K, 0% used [0x00000000d5580000,0x00000000d5580000,0x00000000d5e00000)
  from space 1024K, 99% used [0x00000000d6480000,0x00000000d657e5f0,0x00000000d6580000)
  to   space 3072K, 0% used [0x00000000d5f80000,0x00000000d5f80000,0x00000000d6280000)
 ParOldGen       total 150528K, used 150359K [0x0000000080000000, 0x0000000089300000, 0x00000000d5580000)
  object space 150528K, 99% used [0x0000000080000000,0x00000000892d5fc0,0x0000000089300000)
 Metaspace       used 63386K, committed 64832K, reserved 1114112K
  class space    used 6697K, committed 7296K, reserved 1048576K
}
Event: 47.578 GC heap before
{Heap before GC invocations=82 (full 3):
 PSYoungGen      total 9728K, used 9421K [0x00000000d5580000, 0x00000000d6580000, 0x0000000100000000)
  eden space 8704K, 96% used [0x00000000d5580000,0x00000000d5db4fd0,0x00000000d5e00000)
  from space 1024K, 99% used [0x00000000d6480000,0x00000000d657e5f0,0x00000000d6580000)
  to   space 3072K, 0% used [0x00000000d5f80000,0x00000000d5f80000,0x00000000d6280000)
 ParOldGen       total 150528K, used 150359K [0x0000000080000000, 0x0000000089300000, 0x00000000d5580000)
  object space 150528K, 99% used [0x0000000080000000,0x00000000892d5fc0,0x0000000089300000)
 Metaspace       used 63388K, committed 64832K, reserved 1114112K
  class space    used 6697K, committed 7296K, reserved 1048576K
}
Event: 47.580 GC heap after
{Heap after GC invocations=82 (full 3):
 PSYoungGen      total 11776K, used 2818K [0x00000000d5580000, 0x00000000d6500000, 0x0000000100000000)
  eden space 8704K, 0% used [0x00000000d5580000,0x00000000d5580000,0x00000000d5e00000)
  from space 3072K, 91% used [0x00000000d5f80000,0x00000000d62408b0,0x00000000d6280000)
  to   space 2560K, 0% used [0x00000000d6280000,0x00000000d6280000,0x00000000d6500000)
 ParOldGen       total 151552K, used 151396K [0x0000000080000000, 0x0000000089400000, 0x00000000d5580000)
  object space 151552K, 99% used [0x0000000080000000,0x00000000893d92b0,0x0000000089400000)
 Metaspace       used 63388K, committed 64832K, reserved 1114112K
  class space    used 6697K, committed 7296K, reserved 1048576K
}
Event: 47.866 GC heap before
{Heap before GC invocations=83 (full 3):
 PSYoungGen      total 11776K, used 11522K [0x00000000d5580000, 0x00000000d6500000, 0x0000000100000000)
  eden space 8704K, 100% used [0x00000000d5580000,0x00000000d5e00000,0x00000000d5e00000)
  from space 3072K, 91% used [0x00000000d5f80000,0x00000000d62408b0,0x00000000d6280000)
  to   space 2560K, 0% used [0x00000000d6280000,0x00000000d6280000,0x00000000d6500000)
 ParOldGen       total 151552K, used 151396K [0x0000000080000000, 0x0000000089400000, 0x00000000d5580000)
  object space 151552K, 99% used [0x0000000080000000,0x00000000893d92b0,0x0000000089400000)
 Metaspace       used 63528K, committed 64960K, reserved 1114112K
  class space    used 6726K, committed 7360K, reserved 1048576K
}
Event: 47.870 GC heap after
{Heap after GC invocations=83 (full 3):
 PSYoungGen      total 9728K, used 2538K [0x00000000d5580000, 0x00000000d6a00000, 0x0000000100000000)
  eden space 7168K, 0% used [0x00000000d5580000,0x00000000d5580000,0x00000000d5c80000)
  from space 2560K, 99% used [0x00000000d6280000,0x00000000d64fa9d8,0x00000000d6500000)
  to   space 6144K, 0% used [0x00000000d5c80000,0x00000000d5c80000,0x00000000d6280000)
 ParOldGen       total 154624K, used 154294K [0x0000000080000000, 0x0000000089700000, 0x00000000d5580000)
  object space 154624K, 99% used [0x0000000080000000,0x00000000896adb58,0x0000000089700000)
 Metaspace       used 63528K, committed 64960K, reserved 1114112K
  class space    used 6726K, committed 7360K, reserved 1048576K
}
Event: 48.975 GC heap before
{Heap before GC invocations=84 (full 3):
 PSYoungGen      total 9728K, used 9706K [0x00000000d5580000, 0x00000000d6a00000, 0x0000000100000000)
  eden space 7168K, 100% used [0x00000000d5580000,0x00000000d5c80000,0x00000000d5c80000)
  from space 2560K, 99% used [0x00000000d6280000,0x00000000d64fa9d8,0x00000000d6500000)
  to   space 6144K, 0% used [0x00000000d5c80000,0x00000000d5c80000,0x00000000d6280000)
 ParOldGen       total 154624K, used 154294K [0x0000000080000000, 0x0000000089700000, 0x00000000d5580000)
  object space 154624K, 99% used [0x0000000080000000,0x00000000896adb58,0x0000000089700000)
 Metaspace       used 63737K, committed 65216K, reserved 1114112K
  class space    used 6744K, committed 7360K, reserved 1048576K
}
Event: 48.979 GC heap after
{Heap after GC invocations=84 (full 3):
 PSYoungGen      total 9216K, used 1884K [0x00000000d5580000, 0x00000000d6380000, 0x0000000100000000)
  eden space 7168K, 0% used [0x00000000d5580000,0x00000000d5580000,0x00000000d5c80000)
  from space 2048K, 92% used [0x00000000d5c80000,0x00000000d5e57118,0x00000000d5e80000)
  to   space 3584K, 0% used [0x00000000d6000000,0x00000000d6000000,0x00000000d6380000)
 ParOldGen       total 155648K, used 155305K [0x0000000080000000, 0x0000000089800000, 0x00000000d5580000)
  object space 155648K, 99% used [0x0000000080000000,0x00000000897aa4a8,0x0000000089800000)
 Metaspace       used 63737K, committed 65216K, reserved 1114112K
  class space    used 6744K, committed 7360K, reserved 1048576K
}
Event: 49.237 GC heap before
{Heap before GC invocations=85 (full 3):
 PSYoungGen      total 9216K, used 8306K [0x00000000d5580000, 0x00000000d6380000, 0x0000000100000000)
  eden space 7168K, 89% used [0x00000000d5580000,0x00000000d5bc5948,0x00000000d5c80000)
  from space 2048K, 92% used [0x00000000d5c80000,0x00000000d5e57118,0x00000000d5e80000)
  to   space 3584K, 0% used [0x00000000d6000000,0x00000000d6000000,0x00000000d6380000)
 ParOldGen       total 155648K, used 155305K [0x0000000080000000, 0x0000000089800000, 0x00000000d5580000)
  object space 155648K, 99% used [0x0000000080000000,0x00000000897aa4a8,0x0000000089800000)
 Metaspace       used 63794K, committed 65280K, reserved 1114112K
  class space    used 6748K, committed 7360K, reserved 1048576K
}
Event: 49.239 GC heap after
{Heap after GC invocations=85 (full 3):
 PSYoungGen      total 7680K, used 128K [0x00000000d5580000, 0x00000000d6080000, 0x0000000100000000)
  eden space 7168K, 0% used [0x00000000d5580000,0x00000000d5580000,0x00000000d5c80000)
  from space 512K, 25% used [0x00000000d6000000,0x00000000d6020000,0x00000000d6080000)
  to   space 1024K, 0% used [0x00000000d5e80000,0x00000000d5e80000,0x00000000d5f80000)
 ParOldGen       total 156160K, used 155701K [0x0000000080000000, 0x0000000089880000, 0x00000000d5580000)
  object space 156160K, 99% used [0x0000000080000000,0x000000008980d4d8,0x0000000089880000)
 Metaspace       used 63794K, committed 65280K, reserved 1114112K
  class space    used 6748K, committed 7360K, reserved 1048576K
}
Event: 53.731 GC heap before
{Heap before GC invocations=86 (full 3):
 PSYoungGen      total 7680K, used 7296K [0x00000000d5580000, 0x00000000d6080000, 0x0000000100000000)
  eden space 7168K, 100% used [0x00000000d5580000,0x00000000d5c80000,0x00000000d5c80000)
  from space 512K, 25% used [0x00000000d6000000,0x00000000d6020000,0x00000000d6080000)
  to   space 1024K, 0% used [0x00000000d5e80000,0x00000000d5e80000,0x00000000d5f80000)
 ParOldGen       total 156160K, used 155701K [0x0000000080000000, 0x0000000089880000, 0x00000000d5580000)
  object space 156160K, 99% used [0x0000000080000000,0x000000008980d4d8,0x0000000089880000)
 Metaspace       used 64068K, committed 65472K, reserved 1114112K
  class space    used 6773K, committed 7360K, reserved 1048576K
}
Event: 53.732 GC heap after
{Heap after GC invocations=86 (full 3):
 PSYoungGen      total 8192K, used 224K [0x00000000d5580000, 0x00000000d6080000, 0x0000000100000000)
  eden space 7168K, 0% used [0x00000000d5580000,0x00000000d5580000,0x00000000d5c80000)
  from space 1024K, 21% used [0x00000000d5e80000,0x00000000d5eb8000,0x00000000d5f80000)
  to   space 512K, 0% used [0x00000000d6000000,0x00000000d6000000,0x00000000d6080000)
 ParOldGen       total 156160K, used 155749K [0x0000000080000000, 0x0000000089880000, 0x00000000d5580000)
  object space 156160K, 99% used [0x0000000080000000,0x00000000898194d8,0x0000000089880000)
 Metaspace       used 64068K, committed 65472K, reserved 1114112K
  class space    used 6773K, committed 7360K, reserved 1048576K
}
Event: 76.607 GC heap before
{Heap before GC invocations=87 (full 3):
 PSYoungGen      total 8192K, used 7392K [0x00000000d5580000, 0x00000000d6080000, 0x0000000100000000)
  eden space 7168K, 100% used [0x00000000d5580000,0x00000000d5c80000,0x00000000d5c80000)
  from space 1024K, 21% used [0x00000000d5e80000,0x00000000d5eb8000,0x00000000d5f80000)
  to   space 512K, 0% used [0x00000000d6000000,0x00000000d6000000,0x00000000d6080000)
 ParOldGen       total 156160K, used 155749K [0x0000000080000000, 0x0000000089880000, 0x00000000d5580000)
  object space 156160K, 99% used [0x0000000080000000,0x00000000898194d8,0x0000000089880000)
 Metaspace       used 64422K, committed 65856K, reserved 1114112K
  class space    used 6833K, committed 7424K, reserved 1048576K
}
Event: 76.609 GC heap after
{Heap after GC invocations=87 (full 3):
 PSYoungGen      total 7680K, used 308K [0x00000000d5580000, 0x00000000d6080000, 0x0000000100000000)
  eden space 7168K, 0% used [0x00000000d5580000,0x00000000d5580000,0x00000000d5c80000)
  from space 512K, 60% used [0x00000000d6000000,0x00000000d604d200,0x00000000d6080000)
  to   space 512K, 0% used [0x00000000d5f80000,0x00000000d5f80000,0x00000000d6000000)
 ParOldGen       total 156160K, used 155909K [0x0000000080000000, 0x0000000089880000, 0x00000000d5580000)
  object space 156160K, 99% used [0x0000000080000000,0x00000000898414e8,0x0000000089880000)
 Metaspace       used 64422K, committed 65856K, reserved 1114112K
  class space    used 6833K, committed 7424K, reserved 1048576K
}

