# JRE version: OpenJDK Runtime Environment Temurin-21.0.10+7 (21.0.10+7) (build 21.0.10+7-LTS)
# Java VM: OpenJDK 64-Bit Server VM Temurin-21.0.10+7 (21.0.10+7-LTS, mixed mode, sharing, tiered, compressed oops, compressed class ptrs, g1 gc, windows-amd64)
GC Precious Log:
 CardTable entry size: 512
 Card Set container configuration: InlinePtr #cards 5 size 8 Array Of Cards #cards 12 size 40 Howl #buckets 4 coarsen threshold 1843 Howl Bitmap #cards 512 size 80 coarsen threshold 460 Card regions per heap region 1 cards per card region 2048
 CPUs: 4 total, 4 available
 Memory: 8063M
 Large Page Support: Disabled
 NUMA Support: Disabled
 Compressed Oops: Enabled (32-bit)
 Heap Region Size: 1M
 Heap Min Capacity: 8M
 Heap Initial Capacity: 126M
 Heap Max Capacity: 2016M
 Pre-touch: Disabled
 Parallel Workers: 4
 Concurrent Workers: 1
 Concurrent Refinement Workers: 4
 Periodic GC: Disabled
Heap:
 garbage-first heap   total 82944K, used 34543K [0x0000000082000000, 0x0000000100000000)
  region size 1024K, 4 young (4096K), 0 survivors (0K)
 Metaspace       used 84483K, committed 85376K, reserved 1179648K
  class space    used 11101K, committed 11520K, reserved 1048576K
GC Heap History (20 events):
Event: 464.201 GC heap before
{Heap before GC invocations=29 (full 2):
 garbage-first heap   total 68608K, used 60138K [0x0000000082000000, 0x0000000100000000)
  region size 1024K, 29 young (29696K), 0 survivors (0K)
 Metaspace       used 81545K, committed 82368K, reserved 1179648K
  class space    used 10945K, committed 11328K, reserved 1048576K
}
Event: 464.208 GC heap after
{Heap after GC invocations=30 (full 2):
 garbage-first heap   total 68608K, used 33494K [0x0000000082000000, 0x0000000100000000)
  region size 1024K, 3 young (3072K), 3 survivors (3072K)
 Metaspace       used 81545K, committed 82368K, reserved 1179648K
  class space    used 10945K, committed 11328K, reserved 1048576K
}
Event: 465.310 GC heap before
{Heap before GC invocations=31 (full 2):
 garbage-first heap   total 68608K, used 59094K [0x0000000082000000, 0x0000000100000000)
  region size 1024K, 29 young (29696K), 3 survivors (3072K)
 Metaspace       used 81808K, committed 82624K, reserved 1179648K
  class space    used 10953K, committed 11328K, reserved 1048576K
}
Event: 465.316 GC heap after
{Heap after GC invocations=32 (full 2):
 garbage-first heap   total 68608K, used 35250K [0x0000000082000000, 0x0000000100000000)
  region size 1024K, 3 young (3072K), 3 survivors (3072K)
 Metaspace       used 81808K, committed 82624K, reserved 1179648K
  class space    used 10953K, committed 11328K, reserved 1048576K
}
Event: 465.929 GC heap before
{Heap before GC invocations=32 (full 2):
 garbage-first heap   total 68608K, used 59826K [0x0000000082000000, 0x0000000100000000)
  region size 1024K, 27 young (27648K), 3 survivors (3072K)
 Metaspace       used 82469K, committed 83328K, reserved 1179648K
  class space    used 10985K, committed 11392K, reserved 1048576K
}
Event: 465.936 GC heap after
{Heap after GC invocations=33 (full 2):
 garbage-first heap   total 68608K, used 37347K [0x0000000082000000, 0x0000000100000000)
  region size 1024K, 4 young (4096K), 4 survivors (4096K)
 Metaspace       used 82469K, committed 83328K, reserved 1179648K
  class space    used 10985K, committed 11392K, reserved 1048576K
}
Event: 466.750 GC heap before
{Heap before GC invocations=33 (full 2):
 garbage-first heap   total 68608K, used 60899K [0x0000000082000000, 0x0000000100000000)
  region size 1024K, 27 young (27648K), 4 survivors (4096K)
 Metaspace       used 82719K, committed 83520K, reserved 1179648K
  class space    used 11009K, committed 11392K, reserved 1048576K
}
Event: 466.757 GC heap after
{Heap after GC invocations=34 (full 2):
 garbage-first heap   total 82944K, used 37910K [0x0000000082000000, 0x0000000100000000)
  region size 1024K, 2 young (2048K), 2 survivors (2048K)
 Metaspace       used 82719K, committed 83520K, reserved 1179648K
  class space    used 11009K, committed 11392K, reserved 1048576K
}
Event: 471.014 GC heap before
{Heap before GC invocations=35 (full 2):
 garbage-first heap   total 82944K, used 39958K [0x0000000082000000, 0x0000000100000000)
  region size 1024K, 5 young (5120K), 2 survivors (2048K)
 Metaspace       used 82766K, committed 83648K, reserved 1179648K
  class space    used 11010K, committed 11392K, reserved 1048576K
}
Event: 471.095 GC heap after
{Heap after GC invocations=36 (full 3):
 garbage-first heap   total 82944K, used 30976K [0x0000000082000000, 0x0000000100000000)
  region size 1024K, 0 young (0K), 0 survivors (0K)
 Metaspace       used 82759K, committed 83648K, reserved 1179648K
  class space    used 11009K, committed 11392K, reserved 1048576K
}
Event: 473.313 GC heap before
{Heap before GC invocations=36 (full 3):
 garbage-first heap   total 82944K, used 71936K [0x0000000082000000, 0x0000000100000000)
  region size 1024K, 40 young (40960K), 0 survivors (0K)
 Metaspace       used 83052K, committed 83840K, reserved 1179648K
  class space    used 11030K, committed 11392K, reserved 1048576K
}
Event: 473.318 GC heap after
{Heap after GC invocations=37 (full 3):
 garbage-first heap   total 82944K, used 34671K [0x0000000082000000, 0x0000000100000000)
  region size 1024K, 4 young (4096K), 4 survivors (4096K)
 Metaspace       used 83052K, committed 83840K, reserved 1179648K
  class space    used 11030K, committed 11392K, reserved 1048576K
}
Event: 474.445 GC heap before
{Heap before GC invocations=38 (full 3):
 garbage-first heap   total 82944K, used 70511K [0x0000000082000000, 0x0000000100000000)
  region size 1024K, 40 young (40960K), 4 survivors (4096K)
 Metaspace       used 83793K, committed 84672K, reserved 1179648K
  class space    used 11061K, committed 11456K, reserved 1048576K
}
Event: 474.453 GC heap after
{Heap after GC invocations=39 (full 3):
 garbage-first heap   total 82944K, used 37546K [0x0000000082000000, 0x0000000100000000)
  region size 1024K, 4 young (4096K), 4 survivors (4096K)
 Metaspace       used 83793K, committed 84672K, reserved 1179648K
  class space    used 11061K, committed 11456K, reserved 1048576K
}
Event: 559.395 GC heap before
{Heap before GC invocations=39 (full 3):
 garbage-first heap   total 82944K, used 69290K [0x0000000082000000, 0x0000000100000000)
  region size 1024K, 36 young (36864K), 4 survivors (4096K)
 Metaspace       used 84164K, committed 84992K, reserved 1179648K
  class space    used 11083K, committed 11456K, reserved 1048576K
}
Event: 559.481 GC heap after
{Heap after GC invocations=40 (full 4):
 garbage-first heap   total 82944K, used 31540K [0x0000000082000000, 0x0000000100000000)
  region size 1024K, 0 young (0K), 0 survivors (0K)
 Metaspace       used 84158K, committed 84992K, reserved 1179648K
  class space    used 11082K, committed 11456K, reserved 1048576K
}
Event: 567.771 GC heap before
{Heap before GC invocations=40 (full 4):
 garbage-first heap   total 82944K, used 70452K [0x0000000082000000, 0x0000000100000000)
  region size 1024K, 39 young (39936K), 0 survivors (0K)
 Metaspace       used 84249K, committed 85056K, reserved 1179648K
  class space    used 11085K, committed 11456K, reserved 1048576K
}
Event: 567.777 GC heap after
{Heap after GC invocations=41 (full 4):
 garbage-first heap   total 82944K, used 34888K [0x0000000082000000, 0x0000000100000000)
  region size 1024K, 4 young (4096K), 4 survivors (4096K)
 Metaspace       used 84249K, committed 85056K, reserved 1179648K
  class space    used 11085K, committed 11456K, reserved 1048576K
}
Event: 584.444 GC heap before
{Heap before GC invocations=42 (full 4):
 garbage-first heap   total 82944K, used 58440K [0x0000000082000000, 0x0000000100000000)
  region size 1024K, 29 young (29696K), 4 survivors (4096K)
 Metaspace       used 84467K, committed 85376K, reserved 1179648K
  class space    used 11101K, committed 11520K, reserved 1048576K
}
Event: 584.531 GC heap after
{Heap after GC invocations=43 (full 5):
 garbage-first heap   total 82944K, used 31471K [0x0000000082000000, 0x0000000100000000)
  region size 1024K, 0 young (0K), 0 survivors (0K)
 Metaspace       used 84464K, committed 85376K, reserved 1179648K
  class space    used 11101K, committed 11520K, reserved 1048576K
}

