# JRE version: OpenJDK Runtime Environment Temurin-21.0.10+7 (21.0.10+7) (build 21.0.10+7-LTS)
# Java VM: OpenJDK 64-Bit Server VM Temurin-21.0.10+7 (21.0.10+7-LTS, mixed mode, sharing, tiered, compressed oops, compressed class ptrs, parallel gc, windows-amd64)
GC Precious Log:
 CardTable entry size: 512
 CPUs: 4 total, 4 available
 Memory: 8063M
 Large Page Support: Disabled
 NUMA Support: Disabled
 Compressed Oops: Enabled (32-bit)
 Alignments: Space 512K, Generation 512K, Heap 2M
 Heap Min Capacity: 100M
 Heap Initial Capacity: 100M
 Heap Max Capacity: 2G
 Pre-touch: Disabled
 Parallel Workers: 4
Heap:
 PSYoungGen      total 4608K, used 4462K [0x00000000d5580000, 0x00000000d5f80000, 0x0000000100000000)
  eden space 3584K, 96% used [0x00000000d5580000,0x00000000d58e2188,0x00000000d5900000)
  from space 1024K, 97% used [0x00000000d5b80000,0x00000000d5c79918,0x00000000d5c80000)
  to   space 2560K, 0% used [0x00000000d5900000,0x00000000d5900000,0x00000000d5b80000)
 ParOldGen       total 832000K, used 831751K [0x0000000080000000, 0x00000000b2c80000, 0x00000000d5580000)
  object space 832000K, 99% used [0x0000000080000000,0x00000000b2c41cf8,0x00000000b2c80000)
 Metaspace       used 72159K, committed 73728K, reserved 1179648K
  class space    used 7721K, committed 8384K, reserved 1048576K
GC Heap History (20 events):
Event: 112.819 GC heap before
{Heap before GC invocations=1408 (full 3):
 PSYoungGen      total 5632K, used 5312K [0x00000000d5580000, 0x00000000d5c80000, 0x0000000100000000)
  eden space 5120K, 100% used [0x00000000d5580000,0x00000000d5a80000,0x00000000d5a80000)
  from space 512K, 37% used [0x00000000d5c00000,0x00000000d5c30000,0x00000000d5c80000)
  to   space 512K, 0% used [0x00000000d5a80000,0x00000000d5a80000,0x00000000d5b00000)
 ParOldGen       total 826880K, used 826759K [0x0000000080000000, 0x00000000b2780000, 0x00000000d5580000)
  object space 826880K, 99% used [0x0000000080000000,0x00000000b2761f30,0x00000000b2780000)
 Metaspace       used 71757K, committed 73344K, reserved 1179648K
  class space    used 7648K, committed 8320K, reserved 1048576K
}
Event: 112.823 GC heap after
{Heap after GC invocations=1408 (full 3):
 PSYoungGen      total 5632K, used 343K [0x00000000d5580000, 0x00000000d5c80000, 0x0000000100000000)
  eden space 5120K, 0% used [0x00000000d5580000,0x00000000d5580000,0x00000000d5a80000)
  from space 512K, 67% used [0x00000000d5a80000,0x00000000d5ad5d88,0x00000000d5b00000)
  to   space 512K, 0% used [0x00000000d5c00000,0x00000000d5c00000,0x00000000d5c80000)
 ParOldGen       total 826880K, used 826871K [0x0000000080000000, 0x00000000b2780000, 0x00000000d5580000)
  object space 826880K, 99% used [0x0000000080000000,0x00000000b277df30,0x00000000b2780000)
 Metaspace       used 71757K, committed 73344K, reserved 1179648K
  class space    used 7648K, committed 8320K, reserved 1048576K
}
Event: 112.849 GC heap before
{Heap before GC invocations=1409 (full 3):
 PSYoungGen      total 5632K, used 5463K [0x00000000d5580000, 0x00000000d5c80000, 0x0000000100000000)
  eden space 5120K, 100% used [0x00000000d5580000,0x00000000d5a80000,0x00000000d5a80000)
  from space 512K, 67% used [0x00000000d5a80000,0x00000000d5ad5d88,0x00000000d5b00000)
  to   space 512K, 0% used [0x00000000d5c00000,0x00000000d5c00000,0x00000000d5c80000)
 ParOldGen       total 826880K, used 826871K [0x0000000080000000, 0x00000000b2780000, 0x00000000d5580000)
  object space 826880K, 99% used [0x0000000080000000,0x00000000b277df30,0x00000000b2780000)
 Metaspace       used 71757K, committed 73344K, reserved 1179648K
  class space    used 7648K, committed 8320K, reserved 1048576K
}
Event: 112.851 GC heap after
{Heap after GC invocations=1409 (full 3):
 PSYoungGen      total 5632K, used 314K [0x00000000d5580000, 0x00000000d5c80000, 0x0000000100000000)
  eden space 5120K, 0% used [0x00000000d5580000,0x00000000d5580000,0x00000000d5a80000)
  from space 512K, 61% used [0x00000000d5c00000,0x00000000d5c4ea48,0x00000000d5c80000)
  to   space 512K, 0% used [0x00000000d5a80000,0x00000000d5a80000,0x00000000d5b00000)
 ParOldGen       total 827392K, used 827154K [0x0000000080000000, 0x00000000b2800000, 0x00000000d5580000)
  object space 827392K, 99% used [0x0000000080000000,0x00000000b27c4950,0x00000000b2800000)
 Metaspace       used 71757K, committed 73344K, reserved 1179648K
  class space    used 7648K, committed 8320K, reserved 1048576K
}
Event: 112.868 GC heap before
{Heap before GC invocations=1410 (full 3):
 PSYoungGen      total 5632K, used 5434K [0x00000000d5580000, 0x00000000d5c80000, 0x0000000100000000)
  eden space 5120K, 100% used [0x00000000d5580000,0x00000000d5a80000,0x00000000d5a80000)
  from space 512K, 61% used [0x00000000d5c00000,0x00000000d5c4ea48,0x00000000d5c80000)
  to   space 512K, 0% used [0x00000000d5a80000,0x00000000d5a80000,0x00000000d5b00000)
 ParOldGen       total 827392K, used 827154K [0x0000000080000000, 0x00000000b2800000, 0x00000000d5580000)
  object space 827392K, 99% used [0x0000000080000000,0x00000000b27c4950,0x00000000b2800000)
 Metaspace       used 71757K, committed 73344K, reserved 1179648K
  class space    used 7648K, committed 8320K, reserved 1048576K
}
Event: 112.870 GC heap after
{Heap after GC invocations=1410 (full 3):
 PSYoungGen      total 5632K, used 298K [0x00000000d5580000, 0x00000000d5c80000, 0x0000000100000000)
  eden space 5120K, 0% used [0x00000000d5580000,0x00000000d5580000,0x00000000d5a80000)
  from space 512K, 58% used [0x00000000d5a80000,0x00000000d5aca930,0x00000000d5b00000)
  to   space 512K, 0% used [0x00000000d5c00000,0x00000000d5c00000,0x00000000d5c80000)
 ParOldGen       total 827904K, used 827410K [0x0000000080000000, 0x00000000b2880000, 0x00000000d5580000)
  object space 827904K, 99% used [0x0000000080000000,0x00000000b2804828,0x00000000b2880000)
 Metaspace       used 71757K, committed 73344K, reserved 1179648K
  class space    used 7648K, committed 8320K, reserved 1048576K
}
Event: 112.894 GC heap before
{Heap before GC invocations=1411 (full 3):
 PSYoungGen      total 5632K, used 5418K [0x00000000d5580000, 0x00000000d5c80000, 0x0000000100000000)
  eden space 5120K, 100% used [0x00000000d5580000,0x00000000d5a80000,0x00000000d5a80000)
  from space 512K, 58% used [0x00000000d5a80000,0x00000000d5aca930,0x00000000d5b00000)
  to   space 512K, 0% used [0x00000000d5c00000,0x00000000d5c00000,0x00000000d5c80000)
 ParOldGen       total 827904K, used 827410K [0x0000000080000000, 0x00000000b2880000, 0x00000000d5580000)
  object space 827904K, 99% used [0x0000000080000000,0x00000000b2804828,0x00000000b2880000)
 Metaspace       used 71757K, committed 73344K, reserved 1179648K
  class space    used 7648K, committed 8320K, reserved 1048576K
}
Event: 112.896 GC heap after
{Heap after GC invocations=1411 (full 3):
 PSYoungGen      total 5632K, used 320K [0x00000000d5580000, 0x00000000d5c80000, 0x0000000100000000)
  eden space 5120K, 0% used [0x00000000d5580000,0x00000000d5580000,0x00000000d5a80000)
  from space 512K, 62% used [0x00000000d5c00000,0x00000000d5c50000,0x00000000d5c80000)
  to   space 512K, 0% used [0x00000000d5a80000,0x00000000d5a80000,0x00000000d5b00000)
 ParOldGen       total 827904K, used 827672K [0x0000000080000000, 0x00000000b2880000, 0x00000000d5580000)
  object space 827904K, 99% used [0x0000000080000000,0x00000000b2846378,0x00000000b2880000)
 Metaspace       used 71757K, committed 73344K, reserved 1179648K
  class space    used 7648K, committed 8320K, reserved 1048576K
}
Event: 112.981 GC heap before
{Heap before GC invocations=1412 (full 3):
 PSYoungGen      total 5632K, used 5051K [0x00000000d5580000, 0x00000000d5c80000, 0x0000000100000000)
  eden space 5120K, 92% used [0x00000000d5580000,0x00000000d5a1ed10,0x00000000d5a80000)
  from space 512K, 62% used [0x00000000d5c00000,0x00000000d5c50000,0x00000000d5c80000)
  to   space 512K, 0% used [0x00000000d5a80000,0x00000000d5a80000,0x00000000d5b00000)
 ParOldGen       total 827904K, used 827672K [0x0000000080000000, 0x00000000b2880000, 0x00000000d5580000)
  object space 827904K, 99% used [0x0000000080000000,0x00000000b2846378,0x00000000b2880000)
 Metaspace       used 71762K, committed 73344K, reserved 1179648K
  class space    used 7648K, committed 8320K, reserved 1048576K
}
Event: 112.985 GC heap after
{Heap after GC invocations=1412 (full 3):
 PSYoungGen      total 5632K, used 370K [0x00000000d5580000, 0x00000000d5c80000, 0x0000000100000000)
  eden space 5120K, 0% used [0x00000000d5580000,0x00000000d5580000,0x00000000d5a80000)
  from space 512K, 72% used [0x00000000d5a80000,0x00000000d5adc940,0x00000000d5b00000)
  to   space 512K, 0% used [0x00000000d5c00000,0x00000000d5c00000,0x00000000d5c80000)
 ParOldGen       total 828928K, used 828698K [0x0000000080000000, 0x00000000b2980000, 0x00000000d5580000)
  object space 828928K, 99% used [0x0000000080000000,0x00000000b2946a88,0x00000000b2980000)
 Metaspace       used 71762K, committed 73344K, reserved 1179648K
  class space    used 7648K, committed 8320K, reserved 1048576K
}
Event: 113.037 GC heap before
{Heap before GC invocations=1413 (full 3):
 PSYoungGen      total 5632K, used 5490K [0x00000000d5580000, 0x00000000d5c80000, 0x0000000100000000)
  eden space 5120K, 100% used [0x00000000d5580000,0x00000000d5a80000,0x00000000d5a80000)
  from space 512K, 72% used [0x00000000d5a80000,0x00000000d5adc940,0x00000000d5b00000)
  to   space 512K, 0% used [0x00000000d5c00000,0x00000000d5c00000,0x00000000d5c80000)
 ParOldGen       total 828928K, used 828698K [0x0000000080000000, 0x00000000b2980000, 0x00000000d5580000)
  object space 828928K, 99% used [0x0000000080000000,0x00000000b2946a88,0x00000000b2980000)
 Metaspace       used 71772K, committed 73344K, reserved 1179648K
  class space    used 7648K, committed 8320K, reserved 1048576K
}
Event: 113.042 GC heap after
{Heap after GC invocations=1413 (full 3):
 PSYoungGen      total 5632K, used 359K [0x00000000d5580000, 0x00000000d5c80000, 0x0000000100000000)
  eden space 5120K, 0% used [0x00000000d5580000,0x00000000d5580000,0x00000000d5a80000)
  from space 512K, 70% used [0x00000000d5c00000,0x00000000d5c59c68,0x00000000d5c80000)
  to   space 512K, 0% used [0x00000000d5a80000,0x00000000d5a80000,0x00000000d5b00000)
 ParOldGen       total 829952K, used 829764K [0x0000000080000000, 0x00000000b2a80000, 0x00000000d5580000)
  object space 829952K, 99% used [0x0000000080000000,0x00000000b2a51130,0x00000000b2a80000)
 Metaspace       used 71772K, committed 73344K, reserved 1179648K
  class space    used 7648K, committed 8320K, reserved 1048576K
}
Event: 113.097 GC heap before
{Heap before GC invocations=1414 (full 3):
 PSYoungGen      total 5632K, used 5479K [0x00000000d5580000, 0x00000000d5c80000, 0x0000000100000000)
  eden space 5120K, 100% used [0x00000000d5580000,0x00000000d5a80000,0x00000000d5a80000)
  from space 512K, 70% used [0x00000000d5c00000,0x00000000d5c59c68,0x00000000d5c80000)
  to   space 512K, 0% used [0x00000000d5a80000,0x00000000d5a80000,0x00000000d5b00000)
 ParOldGen       total 829952K, used 829764K [0x0000000080000000, 0x00000000b2a80000, 0x00000000d5580000)
  object space 829952K, 99% used [0x0000000080000000,0x00000000b2a51130,0x00000000b2a80000)
 Metaspace       used 71772K, committed 73344K, reserved 1179648K
  class space    used 7648K, committed 8320K, reserved 1048576K
}
Event: 113.099 GC heap after
{Heap after GC invocations=1414 (full 3):
 PSYoungGen      total 5632K, used 298K [0x00000000d5580000, 0x00000000d5c80000, 0x0000000100000000)
  eden space 5120K, 0% used [0x00000000d5580000,0x00000000d5580000,0x00000000d5a80000)
  from space 512K, 58% used [0x00000000d5a80000,0x00000000d5aca9c8,0x00000000d5b00000)
  to   space 512K, 0% used [0x00000000d5c00000,0x00000000d5c00000,0x00000000d5c80000)
 ParOldGen       total 830464K, used 830057K [0x0000000080000000, 0x00000000b2b00000, 0x00000000d5580000)
  object space 830464K, 99% used [0x0000000080000000,0x00000000b2a9a428,0x00000000b2b00000)
 Metaspace       used 71772K, committed 73344K, reserved 1179648K
  class space    used 7648K, committed 8320K, reserved 1048576K
}
Event: 113.129 GC heap before
{Heap before GC invocations=1415 (full 3):
 PSYoungGen      total 5632K, used 5418K [0x00000000d5580000, 0x00000000d5c80000, 0x0000000100000000)
  eden space 5120K, 100% used [0x00000000d5580000,0x00000000d5a80000,0x00000000d5a80000)
  from space 512K, 58% used [0x00000000d5a80000,0x00000000d5aca9c8,0x00000000d5b00000)
  to   space 512K, 0% used [0x00000000d5c00000,0x00000000d5c00000,0x00000000d5c80000)
 ParOldGen       total 830464K, used 830057K [0x0000000080000000, 0x00000000b2b00000, 0x00000000d5580000)
  object space 830464K, 99% used [0x0000000080000000,0x00000000b2a9a428,0x00000000b2b00000)
 Metaspace       used 71772K, committed 73344K, reserved 1179648K
  class space    used 7648K, committed 8320K, reserved 1048576K
}
Event: 113.132 GC heap after
{Heap after GC invocations=1415 (full 3):
 PSYoungGen      total 5632K, used 504K [0x00000000d5580000, 0x00000000d5c80000, 0x0000000100000000)
  eden space 5120K, 0% used [0x00000000d5580000,0x00000000d5580000,0x00000000d5a80000)
  from space 512K, 98% used [0x00000000d5c00000,0x00000000d5c7e0b0,0x00000000d5c80000)
  to   space 1024K, 0% used [0x00000000d5a80000,0x00000000d5a80000,0x00000000d5b80000)
 ParOldGen       total 830464K, used 830307K [0x0000000080000000, 0x00000000b2b00000, 0x00000000d5580000)
  object space 830464K, 99% used [0x0000000080000000,0x00000000b2ad8c60,0x00000000b2b00000)
 Metaspace       used 71772K, committed 73344K, reserved 1179648K
  class space    used 7648K, committed 8320K, reserved 1048576K
}
Event: 113.185 GC heap before
{Heap before GC invocations=1416 (full 3):
 PSYoungGen      total 5632K, used 5624K [0x00000000d5580000, 0x00000000d5c80000, 0x0000000100000000)
  eden space 5120K, 100% used [0x00000000d5580000,0x00000000d5a80000,0x00000000d5a80000)
  from space 512K, 98% used [0x00000000d5c00000,0x00000000d5c7e0b0,0x00000000d5c80000)
  to   space 1024K, 0% used [0x00000000d5a80000,0x00000000d5a80000,0x00000000d5b80000)
 ParOldGen       total 830464K, used 830307K [0x0000000080000000, 0x00000000b2b00000, 0x00000000d5580000)
  object space 830464K, 99% used [0x0000000080000000,0x00000000b2ad8c60,0x00000000b2b00000)
 Metaspace       used 71819K, committed 73408K, reserved 1179648K
  class space    used 7652K, committed 8320K, reserved 1048576K
}
Event: 113.190 GC heap after
{Heap after GC invocations=1416 (full 3):
 PSYoungGen      total 6144K, used 464K [0x00000000d5580000, 0x00000000d5c80000, 0x0000000100000000)
  eden space 5120K, 0% used [0x00000000d5580000,0x00000000d5580000,0x00000000d5a80000)
  from space 1024K, 45% used [0x00000000d5a80000,0x00000000d5af40b0,0x00000000d5b80000)
  to   space 1024K, 0% used [0x00000000d5b80000,0x00000000d5b80000,0x00000000d5c80000)
 ParOldGen       total 830976K, used 830727K [0x0000000080000000, 0x00000000b2b80000, 0x00000000d5580000)
  object space 830976K, 99% used [0x0000000080000000,0x00000000b2b41f40,0x00000000b2b80000)
 Metaspace       used 71819K, committed 73408K, reserved 1179648K
  class space    used 7652K, committed 8320K, reserved 1048576K
}
Event: 113.315 GC heap before
{Heap before GC invocations=1417 (full 3):
 PSYoungGen      total 6144K, used 5584K [0x00000000d5580000, 0x00000000d5c80000, 0x0000000100000000)
  eden space 5120K, 100% used [0x00000000d5580000,0x00000000d5a80000,0x00000000d5a80000)
  from space 1024K, 45% used [0x00000000d5a80000,0x00000000d5af40b0,0x00000000d5b80000)
  to   space 1024K, 0% used [0x00000000d5b80000,0x00000000d5b80000,0x00000000d5c80000)
 ParOldGen       total 830976K, used 830727K [0x0000000080000000, 0x00000000b2b80000, 0x00000000d5580000)
  object space 830976K, 99% used [0x0000000080000000,0x00000000b2b41f40,0x00000000b2b80000)
 Metaspace       used 71921K, committed 73536K, reserved 1179648K
  class space    used 7676K, committed 8384K, reserved 1048576K
}
Event: 113.320 GC heap after
{Heap after GC invocations=1417 (full 3):
 PSYoungGen      total 4608K, used 998K [0x00000000d5580000, 0x00000000d5f80000, 0x0000000100000000)
  eden space 3584K, 0% used [0x00000000d5580000,0x00000000d5580000,0x00000000d5900000)
  from space 1024K, 97% used [0x00000000d5b80000,0x00000000d5c79918,0x00000000d5c80000)
  to   space 2560K, 0% used [0x00000000d5900000,0x00000000d5900000,0x00000000d5b80000)
 ParOldGen       total 832000K, used 831751K [0x0000000080000000, 0x00000000b2c80000, 0x00000000d5580000)
  object space 832000K, 99% used [0x0000000080000000,0x00000000b2c41cf8,0x00000000b2c80000)
 Metaspace       used 71921K, committed 73536K, reserved 1179648K
  class space    used 7676K, committed 8384K, reserved 1048576K
}

