# JRE version: OpenJDK Runtime Environment Temurin-21.0.10+7 (21.0.10+7) (build 21.0.10+7-LTS)
# Java VM: OpenJDK 64-Bit Server VM Temurin-21.0.10+7 (21.0.10+7-LTS, mixed mode, sharing, tiered, compressed oops, compressed class ptrs, parallel gc, windows-amd64)
GC Precious Log:
 CardTable entry size: 512
 CPUs: 4 total, 4 available
 Memory: 8063M
 Large Page Support: Disabled
 NUMA Support: Disabled
 Compressed Oops: Enabled (32-bit)
 Alignments: Space 512K, Generation 512K, Heap 2M
 Heap Min Capacity: 100M
 Heap Initial Capacity: 100M
 Heap Max Capacity: 2G
 Pre-touch: Disabled
 Parallel Workers: 4
Heap:
 PSYoungGen      total 14336K, used 11840K [0x00000000d5580000, 0x00000000d6d00000, 0x0000000100000000)
  eden space 12800K, 80% used [0x00000000d5580000,0x00000000d5f94c20,0x00000000d6200000)
  from space 1536K, 98% used [0x00000000d6280000,0x00000000d63fb428,0x00000000d6400000)
  to   space 5632K, 0% used [0x00000000d6780000,0x00000000d6780000,0x00000000d6d00000)
 ParOldGen       total 247808K, used 246771K [0x0000000080000000, 0x000000008f200000, 0x00000000d5580000)
  object space 247808K, 99% used [0x0000000080000000,0x000000008f0fcd98,0x000000008f200000)
 Metaspace       used 76262K, committed 77888K, reserved 1179648K
  class space    used 8208K, committed 8896K, reserved 1048576K
GC Heap History (20 events):
Event: 321.701 GC heap before
{Heap before GC invocations=107 (full 3):
 PSYoungGen      total 13824K, used 13521K [0x00000000d5580000, 0x00000000d6e80000, 0x0000000100000000)
  eden space 13312K, 97% used [0x00000000d5580000,0x00000000d623bdd0,0x00000000d6280000)
  from space 512K, 94% used [0x00000000d6700000,0x00000000d6778900,0x00000000d6780000)
  to   space 6144K, 0% used [0x00000000d6880000,0x00000000d6880000,0x00000000d6e80000)
 ParOldGen       total 175104K, used 174946K [0x0000000080000000, 0x000000008ab00000, 0x00000000d5580000)
  object space 175104K, 99% used [0x0000000080000000,0x000000008aad88c8,0x000000008ab00000)
 Metaspace       used 70242K, committed 71808K, reserved 1114112K
  class space    used 7572K, committed 8256K, reserved 1048576K
}
Event: 321.703 GC heap after
{Heap after GC invocations=107 (full 3):
 PSYoungGen      total 13824K, used 384K [0x00000000d5580000, 0x00000000d6900000, 0x0000000100000000)
  eden space 13312K, 0% used [0x00000000d5580000,0x00000000d5580000,0x00000000d6280000)
  from space 512K, 75% used [0x00000000d6880000,0x00000000d68e0000,0x00000000d6900000)
  to   space 2048K, 0% used [0x00000000d6500000,0x00000000d6500000,0x00000000d6700000)
 ParOldGen       total 175104K, used 174978K [0x0000000080000000, 0x000000008ab00000, 0x00000000d5580000)
  object space 175104K, 99% used [0x0000000080000000,0x000000008aae08c8,0x000000008ab00000)
 Metaspace       used 70242K, committed 71808K, reserved 1114112K
  class space    used 7572K, committed 8256K, reserved 1048576K
}
Event: 493.709 GC heap before
{Heap before GC invocations=108 (full 3):
 PSYoungGen      total 13824K, used 13695K [0x00000000d5580000, 0x00000000d6900000, 0x0000000100000000)
  eden space 13312K, 99% used [0x00000000d5580000,0x00000000d627fea0,0x00000000d6280000)
  from space 512K, 75% used [0x00000000d6880000,0x00000000d68e0000,0x00000000d6900000)
  to   space 2048K, 0% used [0x00000000d6500000,0x00000000d6500000,0x00000000d6700000)
 ParOldGen       total 175104K, used 174978K [0x0000000080000000, 0x000000008ab00000, 0x00000000d5580000)
  object space 175104K, 99% used [0x0000000080000000,0x000000008aae08c8,0x000000008ab00000)
 Metaspace       used 70788K, committed 72384K, reserved 1114112K
  class space    used 7626K, committed 8320K, reserved 1048576K
}
Event: 493.715 GC heap after
{Heap after GC invocations=108 (full 3):
 PSYoungGen      total 15360K, used 970K [0x00000000d5580000, 0x00000000d6900000, 0x0000000100000000)
  eden space 13312K, 0% used [0x00000000d5580000,0x00000000d5580000,0x00000000d6280000)
  from space 2048K, 47% used [0x00000000d6500000,0x00000000d65f2820,0x00000000d6700000)
  to   space 1536K, 0% used [0x00000000d6780000,0x00000000d6780000,0x00000000d6900000)
 ParOldGen       total 175616K, used 175122K [0x0000000080000000, 0x000000008ab80000, 0x00000000d5580000)
  object space 175616K, 99% used [0x0000000080000000,0x000000008ab048c8,0x000000008ab80000)
 Metaspace       used 70788K, committed 72384K, reserved 1114112K
  class space    used 7626K, committed 8320K, reserved 1048576K
}
Event: 494.511 GC heap before
{Heap before GC invocations=109 (full 3):
 PSYoungGen      total 15360K, used 14282K [0x00000000d5580000, 0x00000000d6900000, 0x0000000100000000)
  eden space 13312K, 100% used [0x00000000d5580000,0x00000000d6280000,0x00000000d6280000)
  from space 2048K, 47% used [0x00000000d6500000,0x00000000d65f2820,0x00000000d6700000)
  to   space 1536K, 0% used [0x00000000d6780000,0x00000000d6780000,0x00000000d6900000)
 ParOldGen       total 175616K, used 175122K [0x0000000080000000, 0x000000008ab80000, 0x00000000d5580000)
  object space 175616K, 99% used [0x0000000080000000,0x000000008ab048c8,0x000000008ab80000)
 Metaspace       used 71889K, committed 73472K, reserved 1179648K
  class space    used 7743K, committed 8448K, reserved 1048576K
}
Event: 494.515 GC heap after
{Heap after GC invocations=109 (full 3):
 PSYoungGen      total 14336K, used 1521K [0x00000000d5580000, 0x00000000d6d80000, 0x0000000100000000)
  eden space 12800K, 0% used [0x00000000d5580000,0x00000000d5580000,0x00000000d6200000)
  from space 1536K, 99% used [0x00000000d6780000,0x00000000d68fc438,0x00000000d6900000)
  to   space 5632K, 0% used [0x00000000d6200000,0x00000000d6200000,0x00000000d6780000)
 ParOldGen       total 178688K, used 178328K [0x0000000080000000, 0x000000008ae80000, 0x00000000d5580000)
  object space 178688K, 99% used [0x0000000080000000,0x000000008ae26120,0x000000008ae80000)
 Metaspace       used 71889K, committed 73472K, reserved 1179648K
  class space    used 7743K, committed 8448K, reserved 1048576K
}
Event: 494.972 GC heap before
{Heap before GC invocations=110 (full 3):
 PSYoungGen      total 14336K, used 14313K [0x00000000d5580000, 0x00000000d6d80000, 0x0000000100000000)
  eden space 12800K, 99% used [0x00000000d5580000,0x00000000d61fdff8,0x00000000d6200000)
  from space 1536K, 99% used [0x00000000d6780000,0x00000000d68fc438,0x00000000d6900000)
  to   space 5632K, 0% used [0x00000000d6200000,0x00000000d6200000,0x00000000d6780000)
 ParOldGen       total 178688K, used 178328K [0x0000000080000000, 0x000000008ae80000, 0x00000000d5580000)
  object space 178688K, 99% used [0x0000000080000000,0x000000008ae26120,0x000000008ae80000)
 Metaspace       used 72309K, committed 73856K, reserved 1179648K
  class space    used 7786K, committed 8448K, reserved 1048576K
}
Event: 494.977 GC heap after
{Heap after GC invocations=110 (full 3):
 PSYoungGen      total 13824K, used 923K [0x00000000d5580000, 0x00000000d6800000, 0x0000000100000000)
  eden space 12800K, 0% used [0x00000000d5580000,0x00000000d5580000,0x00000000d6200000)
  from space 1024K, 90% used [0x00000000d6200000,0x00000000d62e6d50,0x00000000d6300000)
  to   space 2560K, 0% used [0x00000000d6580000,0x00000000d6580000,0x00000000d6800000)
 ParOldGen       total 178688K, used 178480K [0x0000000080000000, 0x000000008ae80000, 0x00000000d5580000)
  object space 178688K, 99% used [0x0000000080000000,0x000000008ae4c120,0x000000008ae80000)
 Metaspace       used 72309K, committed 73856K, reserved 1179648K
  class space    used 7786K, committed 8448K, reserved 1048576K
}
Event: 495.730 GC heap before
{Heap before GC invocations=111 (full 3):
 PSYoungGen      total 13824K, used 13723K [0x00000000d5580000, 0x00000000d6800000, 0x0000000100000000)
  eden space 12800K, 100% used [0x00000000d5580000,0x00000000d6200000,0x00000000d6200000)
  from space 1024K, 90% used [0x00000000d6200000,0x00000000d62e6d50,0x00000000d6300000)
  to   space 2560K, 0% used [0x00000000d6580000,0x00000000d6580000,0x00000000d6800000)
 ParOldGen       total 178688K, used 178480K [0x0000000080000000, 0x000000008ae80000, 0x00000000d5580000)
  object space 178688K, 99% used [0x0000000080000000,0x000000008ae4c120,0x000000008ae80000)
 Metaspace       used 73256K, committed 74880K, reserved 1179648K
  class space    used 7879K, committed 8576K, reserved 1048576K
}
Event: 495.737 GC heap after
{Heap after GC invocations=111 (full 3):
 PSYoungGen      total 14336K, used 1408K [0x00000000d5580000, 0x00000000d6700000, 0x0000000100000000)
  eden space 12800K, 0% used [0x00000000d5580000,0x00000000d5580000,0x00000000d6200000)
  from space 1536K, 91% used [0x00000000d6580000,0x00000000d66e0000,0x00000000d6700000)
  to   space 1536K, 0% used [0x00000000d6400000,0x00000000d6400000,0x00000000d6580000)
 ParOldGen       total 179712K, used 179224K [0x0000000080000000, 0x000000008af80000, 0x00000000d5580000)
  object space 179712K, 99% used [0x0000000080000000,0x000000008af06360,0x000000008af80000)
 Metaspace       used 73256K, committed 74880K, reserved 1179648K
  class space    used 7879K, committed 8576K, reserved 1048576K
}
Event: 496.360 GC heap before
{Heap before GC invocations=112 (full 3):
 PSYoungGen      total 14336K, used 14208K [0x00000000d5580000, 0x00000000d6700000, 0x0000000100000000)
  eden space 12800K, 100% used [0x00000000d5580000,0x00000000d6200000,0x00000000d6200000)
  from space 1536K, 91% used [0x00000000d6580000,0x00000000d66e0000,0x00000000d6700000)
  to   space 1536K, 0% used [0x00000000d6400000,0x00000000d6400000,0x00000000d6580000)
 ParOldGen       total 179712K, used 179224K [0x0000000080000000, 0x000000008af80000, 0x00000000d5580000)
  object space 179712K, 99% used [0x0000000080000000,0x000000008af06360,0x000000008af80000)
 Metaspace       used 74069K, committed 75712K, reserved 1179648K
  class space    used 7991K, committed 8704K, reserved 1048576K
}
Event: 496.366 GC heap after
{Heap after GC invocations=112 (full 3):
 PSYoungGen      total 13824K, used 874K [0x00000000d5580000, 0x00000000d6600000, 0x0000000100000000)
  eden space 12800K, 0% used [0x00000000d5580000,0x00000000d5580000,0x00000000d6200000)
  from space 1024K, 85% used [0x00000000d6400000,0x00000000d64da930,0x00000000d6500000)
  to   space 1024K, 0% used [0x00000000d6500000,0x00000000d6500000,0x00000000d6600000)
 ParOldGen       total 180736K, used 180458K [0x0000000080000000, 0x000000008b080000, 0x00000000d5580000)
  object space 180736K, 99% used [0x0000000080000000,0x000000008b03ab40,0x000000008b080000)
 Metaspace       used 74069K, committed 75712K, reserved 1179648K
  class space    used 7991K, committed 8704K, reserved 1048576K
}
Event: 497.227 GC heap before
{Heap before GC invocations=113 (full 3):
 PSYoungGen      total 13824K, used 13674K [0x00000000d5580000, 0x00000000d6600000, 0x0000000100000000)
  eden space 12800K, 100% used [0x00000000d5580000,0x00000000d6200000,0x00000000d6200000)
  from space 1024K, 85% used [0x00000000d6400000,0x00000000d64da930,0x00000000d6500000)
  to   space 1024K, 0% used [0x00000000d6500000,0x00000000d6500000,0x00000000d6600000)
 ParOldGen       total 180736K, used 180458K [0x0000000080000000, 0x000000008b080000, 0x00000000d5580000)
  object space 180736K, 99% used [0x0000000080000000,0x000000008b03ab40,0x000000008b080000)
 Metaspace       used 74317K, committed 75904K, reserved 1179648K
  class space    used 8021K, committed 8704K, reserved 1048576K
}
Event: 497.232 GC heap after
{Heap after GC invocations=113 (full 3):
 PSYoungGen      total 13824K, used 1024K [0x00000000d5580000, 0x00000000d6600000, 0x0000000100000000)
  eden space 12800K, 0% used [0x00000000d5580000,0x00000000d5580000,0x00000000d6200000)
  from space 1024K, 100% used [0x00000000d6500000,0x00000000d6600000,0x00000000d6600000)
  to   space 2048K, 0% used [0x00000000d6200000,0x00000000d6200000,0x00000000d6400000)
 ParOldGen       total 181248K, used 181019K [0x0000000080000000, 0x000000008b100000, 0x00000000d5580000)
  object space 181248K, 99% used [0x0000000080000000,0x000000008b0c6db8,0x000000008b100000)
 Metaspace       used 74317K, committed 75904K, reserved 1179648K
  class space    used 8021K, committed 8704K, reserved 1048576K
}
Event: 501.320 GC heap before
{Heap before GC invocations=114 (full 3):
 PSYoungGen      total 13824K, used 13823K [0x00000000d5580000, 0x00000000d6600000, 0x0000000100000000)
  eden space 12800K, 99% used [0x00000000d5580000,0x00000000d61ffff0,0x00000000d6200000)
  from space 1024K, 100% used [0x00000000d6500000,0x00000000d6600000,0x00000000d6600000)
  to   space 2048K, 0% used [0x00000000d6200000,0x00000000d6200000,0x00000000d6400000)
 ParOldGen       total 212992K, used 211739K [0x0000000080000000, 0x000000008d000000, 0x00000000d5580000)
  object space 212992K, 99% used [0x0000000080000000,0x000000008cec6de8,0x000000008d000000)
 Metaspace       used 75149K, committed 76800K, reserved 1179648K
  class space    used 8112K, committed 8832K, reserved 1048576K
}
Event: 501.322 GC heap after
{Heap after GC invocations=114 (full 3):
 PSYoungGen      total 14848K, used 741K [0x00000000d5580000, 0x00000000d6580000, 0x0000000100000000)
  eden space 12800K, 0% used [0x00000000d5580000,0x00000000d5580000,0x00000000d6200000)
  from space 2048K, 36% used [0x00000000d6200000,0x00000000d62b9430,0x00000000d6400000)
  to   space 1536K, 0% used [0x00000000d6400000,0x00000000d6400000,0x00000000d6580000)
 ParOldGen       total 212992K, used 212411K [0x0000000080000000, 0x000000008d000000, 0x00000000d5580000)
  object space 212992K, 99% used [0x0000000080000000,0x000000008cf6ede8,0x000000008d000000)
 Metaspace       used 75149K, committed 76800K, reserved 1179648K
  class space    used 8112K, committed 8832K, reserved 1048576K
}
Event: 501.735 GC heap before
{Heap before GC invocations=115 (full 3):
 PSYoungGen      total 14848K, used 13515K [0x00000000d5580000, 0x00000000d6580000, 0x0000000100000000)
  eden space 12800K, 99% used [0x00000000d5580000,0x00000000d61f9950,0x00000000d6200000)
  from space 2048K, 36% used [0x00000000d6200000,0x00000000d62b9430,0x00000000d6400000)
  to   space 1536K, 0% used [0x00000000d6400000,0x00000000d6400000,0x00000000d6580000)
 ParOldGen       total 212992K, used 212411K [0x0000000080000000, 0x000000008d000000, 0x00000000d5580000)
  object space 212992K, 99% used [0x0000000080000000,0x000000008cf6ede8,0x000000008d000000)
 Metaspace       used 75671K, committed 77312K, reserved 1179648K
  class space    used 8168K, committed 8896K, reserved 1048576K
}
Event: 501.739 GC heap after
{Heap after GC invocations=115 (full 3):
 PSYoungGen      total 14336K, used 1179K [0x00000000d5580000, 0x00000000d6580000, 0x0000000100000000)
  eden space 12800K, 0% used [0x00000000d5580000,0x00000000d5580000,0x00000000d6200000)
  from space 1536K, 76% used [0x00000000d6400000,0x00000000d6526f90,0x00000000d6580000)
  to   space 1536K, 0% used [0x00000000d6280000,0x00000000d6280000,0x00000000d6400000)
 ParOldGen       total 212992K, used 212931K [0x0000000080000000, 0x000000008d000000, 0x00000000d5580000)
  object space 212992K, 99% used [0x0000000080000000,0x000000008cff0f80,0x000000008d000000)
 Metaspace       used 75671K, committed 77312K, reserved 1179648K
  class space    used 8168K, committed 8896K, reserved 1048576K
}
Event: 502.607 GC heap before
{Heap before GC invocations=116 (full 3):
 PSYoungGen      total 14336K, used 13959K [0x00000000d5580000, 0x00000000d6580000, 0x0000000100000000)
  eden space 12800K, 99% used [0x00000000d5580000,0x00000000d61fadb8,0x00000000d6200000)
  from space 1536K, 76% used [0x00000000d6400000,0x00000000d6526f90,0x00000000d6580000)
  to   space 1536K, 0% used [0x00000000d6280000,0x00000000d6280000,0x00000000d6400000)
 ParOldGen       total 212992K, used 212931K [0x0000000080000000, 0x000000008d000000, 0x00000000d5580000)
  object space 212992K, 99% used [0x0000000080000000,0x000000008cff0f80,0x000000008d000000)
 Metaspace       used 75958K, committed 77632K, reserved 1179648K
  class space    used 8185K, committed 8896K, reserved 1048576K
}
Event: 502.611 GC heap after
{Heap after GC invocations=116 (full 3):
 PSYoungGen      total 14336K, used 1517K [0x00000000d5580000, 0x00000000d6d00000, 0x0000000100000000)
  eden space 12800K, 0% used [0x00000000d5580000,0x00000000d5580000,0x00000000d6200000)
  from space 1536K, 98% used [0x00000000d6280000,0x00000000d63fb428,0x00000000d6400000)
  to   space 5632K, 0% used [0x00000000d6780000,0x00000000d6780000,0x00000000d6d00000)
 ParOldGen       total 216064K, used 216051K [0x0000000080000000, 0x000000008d300000, 0x00000000d5580000)
  object space 216064K, 99% used [0x0000000080000000,0x000000008d2fcd68,0x000000008d300000)
 Metaspace       used 75958K, committed 77632K, reserved 1179648K
  class space    used 8185K, committed 8896K, reserved 1048576K
}

