# JRE version: OpenJDK Runtime Environment Temurin-21.0.10+7 (21.0.10+7) (build 21.0.10+7-LTS)
# Java VM: OpenJDK 64-Bit Server VM Temurin-21.0.10+7 (21.0.10+7-LTS, mixed mode, sharing, tiered, compressed oops, compressed class ptrs, parallel gc, windows-amd64)
GC Precious Log:
 CardTable entry size: 512
 CPUs: 4 total, 4 available
 Memory: 8063M
 Large Page Support: Disabled
 NUMA Support: Disabled
 Compressed Oops: Enabled (32-bit)
 Alignments: Space 512K, Generation 512K, Heap 2M
 Heap Min Capacity: 100M
 Heap Initial Capacity: 100M
 Heap Max Capacity: 2G
 Pre-touch: Disabled
 Parallel Workers: 4
Heap:
 PSYoungGen      total 19968K, used 13167K [0x00000000d5580000, 0x00000000d6c80000, 0x0000000100000000)
  eden space 17920K, 64% used [0x00000000d5580000,0x00000000d60c3d40,0x00000000d6700000)
  from space 2048K, 79% used [0x00000000d6a80000,0x00000000d6c18010,0x00000000d6c80000)
  to   space 2048K, 0% used [0x00000000d6880000,0x00000000d6880000,0x00000000d6a80000)
 ParOldGen       total 68608K, used 36863K [0x0000000080000000, 0x0000000084300000, 0x00000000d5580000)
  object space 68608K, 53% used [0x0000000080000000,0x00000000823fffd8,0x0000000084300000)
 Metaspace       used 54722K, committed 56064K, reserved 1114112K
  class space    used 5981K, committed 6592K, reserved 1048576K
GC Heap History (20 events):
Event: 53.747 GC heap before
{Heap before GC invocations=19 (full 2):
 PSYoungGen      total 24064K, used 23680K [0x00000000d5580000, 0x00000000d6f80000, 0x0000000100000000)
  eden space 22016K, 100% used [0x00000000d5580000,0x00000000d6b00000,0x00000000d6b00000)
  from space 2048K, 81% used [0x00000000d6d80000,0x00000000d6f20000,0x00000000d6f80000)
  to   space 2048K, 0% used [0x00000000d6b80000,0x00000000d6b80000,0x00000000d6d80000)
 ParOldGen       total 68608K, used 20281K [0x0000000080000000, 0x0000000084300000, 0x00000000d5580000)
  object space 68608K, 29% used [0x0000000080000000,0x00000000813ce4d0,0x0000000084300000)
 Metaspace       used 42292K, committed 43520K, reserved 1114112K
  class space    used 4492K, committed 5056K, reserved 1048576K
}
Event: 53.751 GC heap after
{Heap after GC invocations=19 (full 2):
 PSYoungGen      total 23552K, used 1200K [0x00000000d5580000, 0x00000000d6e00000, 0x0000000100000000)
  eden space 22016K, 0% used [0x00000000d5580000,0x00000000d5580000,0x00000000d6b00000)
  from space 1536K, 78% used [0x00000000d6b80000,0x00000000d6cac010,0x00000000d6d00000)
  to   space 1024K, 0% used [0x00000000d6d00000,0x00000000d6d00000,0x00000000d6e00000)
 ParOldGen       total 68608K, used 21797K [0x0000000080000000, 0x0000000084300000, 0x00000000d5580000)
  object space 68608K, 31% used [0x0000000080000000,0x00000000815494e0,0x0000000084300000)
 Metaspace       used 42292K, committed 43520K, reserved 1114112K
  class space    used 4492K, committed 5056K, reserved 1048576K
}
Event: 54.733 GC heap before
{Heap before GC invocations=20 (full 2):
 PSYoungGen      total 23552K, used 23216K [0x00000000d5580000, 0x00000000d6e00000, 0x0000000100000000)
  eden space 22016K, 100% used [0x00000000d5580000,0x00000000d6b00000,0x00000000d6b00000)
  from space 1536K, 78% used [0x00000000d6b80000,0x00000000d6cac010,0x00000000d6d00000)
  to   space 1024K, 0% used [0x00000000d6d00000,0x00000000d6d00000,0x00000000d6e00000)
 ParOldGen       total 68608K, used 21797K [0x0000000080000000, 0x0000000084300000, 0x00000000d5580000)
  object space 68608K, 31% used [0x0000000080000000,0x00000000815494e0,0x0000000084300000)
 Metaspace       used 44966K, committed 46208K, reserved 1114112K
  class space    used 4827K, committed 5376K, reserved 1048576K
}
Event: 54.736 GC heap after
{Heap after GC invocations=20 (full 2):
 PSYoungGen      total 22528K, used 1002K [0x00000000d5580000, 0x00000000d7000000, 0x0000000100000000)
  eden space 21504K, 0% used [0x00000000d5580000,0x00000000d5580000,0x00000000d6a80000)
  from space 1024K, 97% used [0x00000000d6d00000,0x00000000d6dfab48,0x00000000d6e00000)
  to   space 2560K, 0% used [0x00000000d6a80000,0x00000000d6a80000,0x00000000d6d00000)
 ParOldGen       total 68608K, used 22843K [0x0000000080000000, 0x0000000084300000, 0x00000000d5580000)
  object space 68608K, 33% used [0x0000000080000000,0x000000008164edf0,0x0000000084300000)
 Metaspace       used 44966K, committed 46208K, reserved 1114112K
  class space    used 4827K, committed 5376K, reserved 1048576K
}
Event: 56.320 GC heap before
{Heap before GC invocations=21 (full 2):
 PSYoungGen      total 22528K, used 22506K [0x00000000d5580000, 0x00000000d7000000, 0x0000000100000000)
  eden space 21504K, 100% used [0x00000000d5580000,0x00000000d6a80000,0x00000000d6a80000)
  from space 1024K, 97% used [0x00000000d6d00000,0x00000000d6dfab48,0x00000000d6e00000)
  to   space 2560K, 0% used [0x00000000d6a80000,0x00000000d6a80000,0x00000000d6d00000)
 ParOldGen       total 68608K, used 22843K [0x0000000080000000, 0x0000000084300000, 0x00000000d5580000)
  object space 68608K, 33% used [0x0000000080000000,0x000000008164edf0,0x0000000084300000)
 Metaspace       used 47395K, committed 48704K, reserved 1114112K
  class space    used 5120K, committed 5696K, reserved 1048576K
}
Event: 56.327 GC heap after
{Heap after GC invocations=21 (full 2):
 PSYoungGen      total 24064K, used 2548K [0x00000000d5580000, 0x00000000d7380000, 0x0000000100000000)
  eden space 21504K, 0% used [0x00000000d5580000,0x00000000d5580000,0x00000000d6a80000)
  from space 2560K, 99% used [0x00000000d6a80000,0x00000000d6cfd000,0x00000000d6d00000)
  to   space 4608K, 0% used [0x00000000d6f00000,0x00000000d6f00000,0x00000000d7380000)
 ParOldGen       total 68608K, used 24219K [0x0000000080000000, 0x0000000084300000, 0x00000000d5580000)
  object space 68608K, 35% used [0x0000000080000000,0x00000000817a6d88,0x0000000084300000)
 Metaspace       used 47395K, committed 48704K, reserved 1114112K
  class space    used 5120K, committed 5696K, reserved 1048576K
}
Event: 57.155 GC heap before
{Heap before GC invocations=22 (full 2):
 PSYoungGen      total 24064K, used 24052K [0x00000000d5580000, 0x00000000d7380000, 0x0000000100000000)
  eden space 21504K, 100% used [0x00000000d5580000,0x00000000d6a80000,0x00000000d6a80000)
  from space 2560K, 99% used [0x00000000d6a80000,0x00000000d6cfd000,0x00000000d6d00000)
  to   space 4608K, 0% used [0x00000000d6f00000,0x00000000d6f00000,0x00000000d7380000)
 ParOldGen       total 68608K, used 24219K [0x0000000080000000, 0x0000000084300000, 0x00000000d5580000)
  object space 68608K, 35% used [0x0000000080000000,0x00000000817a6d88,0x0000000084300000)
 Metaspace       used 48842K, committed 50112K, reserved 1114112K
  class space    used 5319K, committed 5888K, reserved 1048576K
}
Event: 57.162 GC heap after
{Heap after GC invocations=22 (full 2):
 PSYoungGen      total 22528K, used 4578K [0x00000000d5580000, 0x00000000d7a80000, 0x0000000100000000)
  eden space 17920K, 0% used [0x00000000d5580000,0x00000000d5580000,0x00000000d6700000)
  from space 4608K, 99% used [0x00000000d6f00000,0x00000000d7378868,0x00000000d7380000)
  to   space 8192K, 0% used [0x00000000d6700000,0x00000000d6700000,0x00000000d6f00000)
 ParOldGen       total 68608K, used 27076K [0x0000000080000000, 0x0000000084300000, 0x00000000d5580000)
  object space 68608K, 39% used [0x0000000080000000,0x0000000081a71188,0x0000000084300000)
 Metaspace       used 48842K, committed 50112K, reserved 1114112K
  class space    used 5319K, committed 5888K, reserved 1048576K
}
Event: 57.956 GC heap before
{Heap before GC invocations=23 (full 2):
 PSYoungGen      total 22528K, used 22498K [0x00000000d5580000, 0x00000000d7a80000, 0x0000000100000000)
  eden space 17920K, 100% used [0x00000000d5580000,0x00000000d6700000,0x00000000d6700000)
  from space 4608K, 99% used [0x00000000d6f00000,0x00000000d7378868,0x00000000d7380000)
  to   space 8192K, 0% used [0x00000000d6700000,0x00000000d6700000,0x00000000d6f00000)
 ParOldGen       total 68608K, used 27076K [0x0000000080000000, 0x0000000084300000, 0x00000000d5580000)
  object space 68608K, 39% used [0x0000000080000000,0x0000000081a71188,0x0000000084300000)
 Metaspace       used 50382K, committed 51584K, reserved 1114112K
  class space    used 5522K, committed 6016K, reserved 1048576K
}
Event: 57.963 GC heap after
{Heap after GC invocations=23 (full 2):
 PSYoungGen      total 20480K, used 2128K [0x00000000d5580000, 0x00000000d6f80000, 0x0000000100000000)
  eden space 17920K, 0% used [0x00000000d5580000,0x00000000d5580000,0x00000000d6700000)
  from space 2560K, 83% used [0x00000000d6700000,0x00000000d6914030,0x00000000d6980000)
  to   space 4096K, 0% used [0x00000000d6b80000,0x00000000d6b80000,0x00000000d6f80000)
 ParOldGen       total 68608K, used 31655K [0x0000000080000000, 0x0000000084300000, 0x00000000d5580000)
  object space 68608K, 46% used [0x0000000080000000,0x0000000081ee9ef8,0x0000000084300000)
 Metaspace       used 50382K, committed 51584K, reserved 1114112K
  class space    used 5522K, committed 6016K, reserved 1048576K
}
Event: 58.506 GC heap before
{Heap before GC invocations=24 (full 2):
 PSYoungGen      total 20480K, used 20048K [0x00000000d5580000, 0x00000000d6f80000, 0x0000000100000000)
  eden space 17920K, 100% used [0x00000000d5580000,0x00000000d6700000,0x00000000d6700000)
  from space 2560K, 83% used [0x00000000d6700000,0x00000000d6914030,0x00000000d6980000)
  to   space 4096K, 0% used [0x00000000d6b80000,0x00000000d6b80000,0x00000000d6f80000)
 ParOldGen       total 68608K, used 31655K [0x0000000080000000, 0x0000000084300000, 0x00000000d5580000)
  object space 68608K, 46% used [0x0000000080000000,0x0000000081ee9ef8,0x0000000084300000)
 Metaspace       used 51436K, committed 52672K, reserved 1114112K
  class space    used 5645K, committed 6208K, reserved 1048576K
}
Event: 58.513 GC heap after
{Heap after GC invocations=24 (full 2):
 PSYoungGen      total 18944K, used 672K [0x00000000d5580000, 0x00000000d6c80000, 0x0000000100000000)
  eden space 17920K, 0% used [0x00000000d5580000,0x00000000d5580000,0x00000000d6700000)
  from space 1024K, 65% used [0x00000000d6b80000,0x00000000d6c28000,0x00000000d6c80000)
  to   space 2048K, 0% used [0x00000000d6880000,0x00000000d6880000,0x00000000d6a80000)
 ParOldGen       total 68608K, used 33546K [0x0000000080000000, 0x0000000084300000, 0x00000000d5580000)
  object space 68608K, 48% used [0x0000000080000000,0x00000000820c2ac0,0x0000000084300000)
 Metaspace       used 51436K, committed 52672K, reserved 1114112K
  class space    used 5645K, committed 6208K, reserved 1048576K
}
Event: 60.142 GC heap before
{Heap before GC invocations=25 (full 2):
 PSYoungGen      total 18944K, used 18592K [0x00000000d5580000, 0x00000000d6c80000, 0x0000000100000000)
  eden space 17920K, 100% used [0x00000000d5580000,0x00000000d6700000,0x00000000d6700000)
  from space 1024K, 65% used [0x00000000d6b80000,0x00000000d6c28000,0x00000000d6c80000)
  to   space 2048K, 0% used [0x00000000d6880000,0x00000000d6880000,0x00000000d6a80000)
 ParOldGen       total 68608K, used 33546K [0x0000000080000000, 0x0000000084300000, 0x00000000d5580000)
  object space 68608K, 48% used [0x0000000080000000,0x00000000820c2ac0,0x0000000084300000)
 Metaspace       used 52127K, committed 53312K, reserved 1114112K
  class space    used 5706K, committed 6208K, reserved 1048576K
}
Event: 60.145 GC heap after
{Heap after GC invocations=25 (full 2):
 PSYoungGen      total 19968K, used 448K [0x00000000d5580000, 0x00000000d6c00000, 0x0000000100000000)
  eden space 17920K, 0% used [0x00000000d5580000,0x00000000d5580000,0x00000000d6700000)
  from space 2048K, 21% used [0x00000000d6880000,0x00000000d68f0000,0x00000000d6a80000)
  to   space 1024K, 0% used [0x00000000d6b00000,0x00000000d6b00000,0x00000000d6c00000)
 ParOldGen       total 68608K, used 34128K [0x0000000080000000, 0x0000000084300000, 0x00000000d5580000)
  object space 68608K, 49% used [0x0000000080000000,0x0000000082154018,0x0000000084300000)
 Metaspace       used 52127K, committed 53312K, reserved 1114112K
  class space    used 5706K, committed 6208K, reserved 1048576K
}
Event: 61.670 GC heap before
{Heap before GC invocations=26 (full 2):
 PSYoungGen      total 19968K, used 18368K [0x00000000d5580000, 0x00000000d6c00000, 0x0000000100000000)
  eden space 17920K, 100% used [0x00000000d5580000,0x00000000d6700000,0x00000000d6700000)
  from space 2048K, 21% used [0x00000000d6880000,0x00000000d68f0000,0x00000000d6a80000)
  to   space 1024K, 0% used [0x00000000d6b00000,0x00000000d6b00000,0x00000000d6c00000)
 ParOldGen       total 68608K, used 34128K [0x0000000080000000, 0x0000000084300000, 0x00000000d5580000)
  object space 68608K, 49% used [0x0000000080000000,0x0000000082154018,0x0000000084300000)
 Metaspace       used 53259K, committed 54528K, reserved 1114112K
  class space    used 5829K, committed 6336K, reserved 1048576K
}
Event: 61.673 GC heap after
{Heap after GC invocations=26 (full 2):
 PSYoungGen      total 18944K, used 968K [0x00000000d5580000, 0x00000000d6c00000, 0x0000000100000000)
  eden space 17920K, 0% used [0x00000000d5580000,0x00000000d5580000,0x00000000d6700000)
  from space 1024K, 94% used [0x00000000d6b00000,0x00000000d6bf21c8,0x00000000d6c00000)
  to   space 1536K, 0% used [0x00000000d6900000,0x00000000d6900000,0x00000000d6a80000)
 ParOldGen       total 68608K, used 34405K [0x0000000080000000, 0x0000000084300000, 0x00000000d5580000)
  object space 68608K, 50% used [0x0000000080000000,0x00000000821997e0,0x0000000084300000)
 Metaspace       used 53259K, committed 54528K, reserved 1114112K
  class space    used 5829K, committed 6336K, reserved 1048576K
}
Event: 62.951 GC heap before
{Heap before GC invocations=27 (full 2):
 PSYoungGen      total 18944K, used 18888K [0x00000000d5580000, 0x00000000d6c00000, 0x0000000100000000)
  eden space 17920K, 100% used [0x00000000d5580000,0x00000000d6700000,0x00000000d6700000)
  from space 1024K, 94% used [0x00000000d6b00000,0x00000000d6bf21c8,0x00000000d6c00000)
  to   space 1536K, 0% used [0x00000000d6900000,0x00000000d6900000,0x00000000d6a80000)
 ParOldGen       total 68608K, used 34405K [0x0000000080000000, 0x0000000084300000, 0x00000000d5580000)
  object space 68608K, 50% used [0x0000000080000000,0x00000000821997e0,0x0000000084300000)
 Metaspace       used 54364K, committed 55744K, reserved 1114112K
  class space    used 5923K, committed 6528K, reserved 1048576K
}
Event: 62.956 GC heap after
{Heap after GC invocations=27 (full 2):
 PSYoungGen      total 19456K, used 1504K [0x00000000d5580000, 0x00000000d6d00000, 0x0000000100000000)
  eden space 17920K, 0% used [0x00000000d5580000,0x00000000d5580000,0x00000000d6700000)
  from space 1536K, 97% used [0x00000000d6900000,0x00000000d6a78030,0x00000000d6a80000)
  to   space 2560K, 0% used [0x00000000d6a80000,0x00000000d6a80000,0x00000000d6d00000)
 ParOldGen       total 68608K, used 35379K [0x0000000080000000, 0x0000000084300000, 0x00000000d5580000)
  object space 68608K, 51% used [0x0000000080000000,0x000000008228cc40,0x0000000084300000)
 Metaspace       used 54364K, committed 55744K, reserved 1114112K
  class space    used 5923K, committed 6528K, reserved 1048576K
}
Event: 63.451 GC heap before
{Heap before GC invocations=28 (full 2):
 PSYoungGen      total 19456K, used 19424K [0x00000000d5580000, 0x00000000d6d00000, 0x0000000100000000)
  eden space 17920K, 100% used [0x00000000d5580000,0x00000000d6700000,0x00000000d6700000)
  from space 1536K, 97% used [0x00000000d6900000,0x00000000d6a78030,0x00000000d6a80000)
  to   space 2560K, 0% used [0x00000000d6a80000,0x00000000d6a80000,0x00000000d6d00000)
 ParOldGen       total 68608K, used 35379K [0x0000000080000000, 0x0000000084300000, 0x00000000d5580000)
  object space 68608K, 51% used [0x0000000080000000,0x000000008228cc40,0x0000000084300000)
 Metaspace       used 54364K, committed 55744K, reserved 1114112K
  class space    used 5923K, committed 6528K, reserved 1048576K
}
Event: 63.455 GC heap after
{Heap after GC invocations=28 (full 2):
 PSYoungGen      total 19968K, used 1632K [0x00000000d5580000, 0x00000000d6c80000, 0x0000000100000000)
  eden space 17920K, 0% used [0x00000000d5580000,0x00000000d5580000,0x00000000d6700000)
  from space 2048K, 79% used [0x00000000d6a80000,0x00000000d6c18010,0x00000000d6c80000)
  to   space 2048K, 0% used [0x00000000d6880000,0x00000000d6880000,0x00000000d6a80000)
 ParOldGen       total 68608K, used 36863K [0x0000000080000000, 0x0000000084300000, 0x00000000d5580000)
  object space 68608K, 53% used [0x0000000080000000,0x00000000823fffd8,0x0000000084300000)
 Metaspace       used 54364K, committed 55744K, reserved 1114112K
  class space    used 5923K, committed 6528K, reserved 1048576K
}

