# JRE version: OpenJDK Runtime Environment Temurin-21.0.10+7 (21.0.10+7) (build 21.0.10+7-LTS)
# Java VM: OpenJDK 64-Bit Server VM Temurin-21.0.10+7 (21.0.10+7-LTS, mixed mode, sharing, tiered, compressed oops, compressed class ptrs, g1 gc, windows-amd64)
GC Precious Log:
 CardTable entry size: 512
 Card Set container configuration: InlinePtr #cards 5 size 8 Array Of Cards #cards 12 size 40 Howl #buckets 4 coarsen threshold 1843 Howl Bitmap #cards 512 size 80 coarsen threshold 460 Card regions per heap region 1 cards per card region 2048
 CPUs: 4 total, 4 available
 Memory: 8063M
 Large Page Support: Disabled
 NUMA Support: Disabled
 Compressed Oops: Enabled (32-bit)
 Heap Region Size: 1M
 Heap Min Capacity: 8M
 Heap Initial Capacity: 126M
 Heap Max Capacity: 2016M
 Pre-touch: Disabled
 Parallel Workers: 4
 Concurrent Workers: 1
 Concurrent Refinement Workers: 4
 Periodic GC: Disabled
Heap:
 garbage-first heap   total 129024K, used 33288K [0x0000000082000000, 0x0000000100000000)
  region size 1024K, 28 young (28672K), 4 survivors (4096K)
 Metaspace       used 20213K, committed 20608K, reserved 1114112K
  class space    used 2645K, committed 2816K, reserved 1048576K
GC Heap History (6 events):
Event: 1.050 GC heap before
{Heap before GC invocations=0 (full 0):
 garbage-first heap   total 129024K, used 15360K [0x0000000082000000, 0x0000000100000000)
  region size 1024K, 13 young (13312K), 0 survivors (0K)
 Metaspace       used 3202K, committed 3392K, reserved 1114112K
  class space    used 351K, committed 448K, reserved 1048576K
}
Event: 1.077 GC heap after
{Heap after GC invocations=1 (full 0):
 garbage-first heap   total 129024K, used 6869K [0x0000000082000000, 0x0000000100000000)
  region size 1024K, 2 young (2048K), 2 survivors (2048K)
 Metaspace       used 3202K, committed 3392K, reserved 1114112K
  class space    used 351K, committed 448K, reserved 1048576K
}
Event: 1.820 GC heap before
{Heap before GC invocations=1 (full 0):
 garbage-first heap   total 129024K, used 20181K [0x0000000082000000, 0x0000000100000000)
  region size 1024K, 15 young (15360K), 2 survivors (2048K)
 Metaspace       used 7304K, committed 7488K, reserved 1114112K
  class space    used 902K, committed 960K, reserved 1048576K
}
Event: 1.826 GC heap after
{Heap after GC invocations=2 (full 0):
 garbage-first heap   total 129024K, used 8353K [0x0000000082000000, 0x0000000100000000)
  region size 1024K, 2 young (2048K), 2 survivors (2048K)
 Metaspace       used 7304K, committed 7488K, reserved 1114112K
  class space    used 902K, committed 960K, reserved 1048576K
}
Event: 3.144 GC heap before
{Heap before GC invocations=2 (full 0):
 garbage-first heap   total 129024K, used 34977K [0x0000000082000000, 0x0000000100000000)
  region size 1024K, 29 young (29696K), 2 survivors (2048K)
 Metaspace       used 14575K, committed 14976K, reserved 1114112K
  class space    used 2001K, committed 2176K, reserved 1048576K
}
Event: 3.150 GC heap after
{Heap after GC invocations=3 (full 0):
 garbage-first heap   total 129024K, used 10760K [0x0000000082000000, 0x0000000100000000)
  region size 1024K, 4 young (4096K), 4 survivors (4096K)
 Metaspace       used 14575K, committed 14976K, reserved 1114112K
  class space    used 2001K, committed 2176K, reserved 1048576K
}

