# JRE version: OpenJDK Runtime Environment Temurin-21.0.10+7 (21.0.10+7) (build 21.0.10+7-LTS)
# Java VM: OpenJDK 64-Bit Server VM Temurin-21.0.10+7 (21.0.10+7-LTS, mixed mode, sharing, tiered, compressed oops, compressed class ptrs, parallel gc, windows-amd64)
GC Precious Log:
 CardTable entry size: 512
 CPUs: 4 total, 4 available
 Memory: 8063M
 Large Page Support: Disabled
 NUMA Support: Disabled
 Compressed Oops: Enabled (32-bit)
 Alignments: Space 512K, Generation 512K, Heap 2M
 Heap Min Capacity: 100M
 Heap Initial Capacity: 100M
 Heap Max Capacity: 2G
 Pre-touch: Disabled
 Parallel Workers: 4
Heap:
 PSYoungGen      total 14336K, used 12944K [0x00000000d5580000, 0x00000000d6500000, 0x0000000100000000)
  eden space 13824K, 93% used [0x00000000d5580000,0x00000000d6224000,0x00000000d6300000)
  from space 512K, 0% used [0x00000000d6480000,0x00000000d6480000,0x00000000d6500000)
  to   space 512K, 0% used [0x00000000d6400000,0x00000000d6400000,0x00000000d6480000)
 ParOldGen       total 68608K, used 47282K [0x0000000080000000, 0x0000000084300000, 0x00000000d5580000)
  object space 68608K, 68% used [0x0000000080000000,0x0000000082e2c918,0x0000000084300000)
 Metaspace       used 59548K, committed 60864K, reserved 1114112K
  class space    used 6571K, committed 7168K, reserved 1048576K
GC Heap History (20 events):
Event: 75.560 GC heap before
{Heap before GC invocations=30 (full 2):
 PSYoungGen      total 17920K, used 17504K [0x00000000d5580000, 0x00000000d6980000, 0x0000000100000000)
  eden space 15872K, 100% used [0x00000000d5580000,0x00000000d6500000,0x00000000d6500000)
  from space 2048K, 79% used [0x00000000d6580000,0x00000000d6718000,0x00000000d6780000)
  to   space 2048K, 0% used [0x00000000d6780000,0x00000000d6780000,0x00000000d6980000)
 ParOldGen       total 68608K, used 41119K [0x0000000080000000, 0x0000000084300000, 0x00000000d5580000)
  object space 68608K, 59% used [0x0000000080000000,0x0000000082827cf8,0x0000000084300000)
 Metaspace       used 53929K, committed 55232K, reserved 1114112K
  class space    used 5927K, committed 6464K, reserved 1048576K
}
Event: 75.564 GC heap after
{Heap after GC invocations=30 (full 2):
 PSYoungGen      total 17408K, used 1476K [0x00000000d5580000, 0x00000000d6900000, 0x0000000100000000)
  eden space 15872K, 0% used [0x00000000d5580000,0x00000000d5580000,0x00000000d6500000)
  from space 1536K, 96% used [0x00000000d6780000,0x00000000d68f1000,0x00000000d6900000)
  to   space 2048K, 0% used [0x00000000d6500000,0x00000000d6500000,0x00000000d6700000)
 ParOldGen       total 68608K, used 42669K [0x0000000080000000, 0x0000000084300000, 0x00000000d5580000)
  object space 68608K, 62% used [0x0000000080000000,0x00000000829ab6a8,0x0000000084300000)
 Metaspace       used 53929K, committed 55232K, reserved 1114112K
  class space    used 5927K, committed 6464K, reserved 1048576K
}
Event: 75.677 GC heap before
{Heap before GC invocations=31 (full 2):
 PSYoungGen      total 17408K, used 17348K [0x00000000d5580000, 0x00000000d6900000, 0x0000000100000000)
  eden space 15872K, 100% used [0x00000000d5580000,0x00000000d6500000,0x00000000d6500000)
  from space 1536K, 96% used [0x00000000d6780000,0x00000000d68f1000,0x00000000d6900000)
  to   space 2048K, 0% used [0x00000000d6500000,0x00000000d6500000,0x00000000d6700000)
 ParOldGen       total 68608K, used 42669K [0x0000000080000000, 0x0000000084300000, 0x00000000d5580000)
  object space 68608K, 62% used [0x0000000080000000,0x00000000829ab6a8,0x0000000084300000)
 Metaspace       used 53932K, committed 55232K, reserved 1114112K
  class space    used 5927K, committed 6464K, reserved 1048576K
}
Event: 75.681 GC heap after
{Heap after GC invocations=31 (full 2):
 PSYoungGen      total 17408K, used 1344K [0x00000000d5580000, 0x00000000d6800000, 0x0000000100000000)
  eden space 15872K, 0% used [0x00000000d5580000,0x00000000d5580000,0x00000000d6500000)
  from space 1536K, 87% used [0x00000000d6500000,0x00000000d6650000,0x00000000d6680000)
  to   space 1536K, 0% used [0x00000000d6680000,0x00000000d6680000,0x00000000d6800000)
 ParOldGen       total 68608K, used 44093K [0x0000000080000000, 0x0000000084300000, 0x00000000d5580000)
  object space 68608K, 64% used [0x0000000080000000,0x0000000082b0f7a8,0x0000000084300000)
 Metaspace       used 53932K, committed 55232K, reserved 1114112K
  class space    used 5927K, committed 6464K, reserved 1048576K
}
Event: 75.799 GC heap before
{Heap before GC invocations=32 (full 2):
 PSYoungGen      total 17408K, used 17216K [0x00000000d5580000, 0x00000000d6800000, 0x0000000100000000)
  eden space 15872K, 100% used [0x00000000d5580000,0x00000000d6500000,0x00000000d6500000)
  from space 1536K, 87% used [0x00000000d6500000,0x00000000d6650000,0x00000000d6680000)
  to   space 1536K, 0% used [0x00000000d6680000,0x00000000d6680000,0x00000000d6800000)
 ParOldGen       total 68608K, used 44093K [0x0000000080000000, 0x0000000084300000, 0x00000000d5580000)
  object space 68608K, 64% used [0x0000000080000000,0x0000000082b0f7a8,0x0000000084300000)
 Metaspace       used 53946K, committed 55232K, reserved 1114112K
  class space    used 5927K, committed 6464K, reserved 1048576K
}
Event: 75.804 GC heap after
{Heap after GC invocations=32 (full 2):
 PSYoungGen      total 15360K, used 1504K [0x00000000d5580000, 0x00000000d6c00000, 0x0000000100000000)
  eden space 13824K, 0% used [0x00000000d5580000,0x00000000d5580000,0x00000000d6300000)
  from space 1536K, 97% used [0x00000000d6680000,0x00000000d67f8010,0x00000000d6800000)
  to   space 3584K, 0% used [0x00000000d6300000,0x00000000d6300000,0x00000000d6680000)
 ParOldGen       total 68608K, used 45445K [0x0000000080000000, 0x0000000084300000, 0x00000000d5580000)
  object space 68608K, 66% used [0x0000000080000000,0x0000000082c617a8,0x0000000084300000)
 Metaspace       used 53946K, committed 55232K, reserved 1114112K
  class space    used 5927K, committed 6464K, reserved 1048576K
}
Event: 76.096 GC heap before
{Heap before GC invocations=33 (full 2):
 PSYoungGen      total 15360K, used 15328K [0x00000000d5580000, 0x00000000d6c00000, 0x0000000100000000)
  eden space 13824K, 100% used [0x00000000d5580000,0x00000000d6300000,0x00000000d6300000)
  from space 1536K, 97% used [0x00000000d6680000,0x00000000d67f8010,0x00000000d6800000)
  to   space 3584K, 0% used [0x00000000d6300000,0x00000000d6300000,0x00000000d6680000)
 ParOldGen       total 68608K, used 45445K [0x0000000080000000, 0x0000000084300000, 0x00000000d5580000)
  object space 68608K, 66% used [0x0000000080000000,0x0000000082c617a8,0x0000000084300000)
 Metaspace       used 53960K, committed 55232K, reserved 1114112K
  class space    used 5927K, committed 6464K, reserved 1048576K
}
Event: 76.100 GC heap after
{Heap after GC invocations=33 (full 2):
 PSYoungGen      total 15360K, used 1184K [0x00000000d5580000, 0x00000000d6700000, 0x0000000100000000)
  eden space 13824K, 0% used [0x00000000d5580000,0x00000000d5580000,0x00000000d6300000)
  from space 1536K, 77% used [0x00000000d6300000,0x00000000d6428000,0x00000000d6480000)
  to   space 2048K, 0% used [0x00000000d6500000,0x00000000d6500000,0x00000000d6700000)
 ParOldGen       total 68608K, used 46957K [0x0000000080000000, 0x0000000084300000, 0x00000000d5580000)
  object space 68608K, 68% used [0x0000000080000000,0x0000000082ddb7b8,0x0000000084300000)
 Metaspace       used 53960K, committed 55232K, reserved 1114112K
  class space    used 5927K, committed 6464K, reserved 1048576K
}
Event: 76.288 GC heap before
{Heap before GC invocations=34 (full 2):
 PSYoungGen      total 15360K, used 15008K [0x00000000d5580000, 0x00000000d6700000, 0x0000000100000000)
  eden space 13824K, 100% used [0x00000000d5580000,0x00000000d6300000,0x00000000d6300000)
  from space 1536K, 77% used [0x00000000d6300000,0x00000000d6428000,0x00000000d6480000)
  to   space 2048K, 0% used [0x00000000d6500000,0x00000000d6500000,0x00000000d6700000)
 ParOldGen       total 68608K, used 46957K [0x0000000080000000, 0x0000000084300000, 0x00000000d5580000)
  object space 68608K, 68% used [0x0000000080000000,0x0000000082ddb7b8,0x0000000084300000)
 Metaspace       used 54205K, committed 55552K, reserved 1114112K
  class space    used 5966K, committed 6528K, reserved 1048576K
}
Event: 76.292 GC heap after
{Heap after GC invocations=34 (full 2):
 PSYoungGen      total 15360K, used 1104K [0x00000000d5580000, 0x00000000d6680000, 0x0000000100000000)
  eden space 13824K, 0% used [0x00000000d5580000,0x00000000d5580000,0x00000000d6300000)
  from space 1536K, 71% used [0x00000000d6500000,0x00000000d6614010,0x00000000d6680000)
  to   space 1536K, 0% used [0x00000000d6300000,0x00000000d6300000,0x00000000d6480000)
 ParOldGen       total 68608K, used 48102K [0x0000000080000000, 0x0000000084300000, 0x00000000d5580000)
  object space 68608K, 70% used [0x0000000080000000,0x0000000082ef99b8,0x0000000084300000)
 Metaspace       used 54205K, committed 55552K, reserved 1114112K
  class space    used 5966K, committed 6528K, reserved 1048576K
}
Event: 77.476 GC heap before
{Heap before GC invocations=35 (full 2):
 PSYoungGen      total 15360K, used 14928K [0x00000000d5580000, 0x00000000d6680000, 0x0000000100000000)
  eden space 13824K, 100% used [0x00000000d5580000,0x00000000d6300000,0x00000000d6300000)
  from space 1536K, 71% used [0x00000000d6500000,0x00000000d6614010,0x00000000d6680000)
  to   space 1536K, 0% used [0x00000000d6300000,0x00000000d6300000,0x00000000d6480000)
 ParOldGen       total 68608K, used 48102K [0x0000000080000000, 0x0000000084300000, 0x00000000d5580000)
  object space 68608K, 70% used [0x0000000080000000,0x0000000082ef99b8,0x0000000084300000)
 Metaspace       used 55810K, committed 57088K, reserved 1114112K
  class space    used 6170K, committed 6720K, reserved 1048576K
}
Event: 77.479 GC heap after
{Heap after GC invocations=35 (full 2):
 PSYoungGen      total 15360K, used 523K [0x00000000d5580000, 0x00000000d6580000, 0x0000000100000000)
  eden space 13824K, 0% used [0x00000000d5580000,0x00000000d5580000,0x00000000d6300000)
  from space 1536K, 34% used [0x00000000d6300000,0x00000000d6382e58,0x00000000d6480000)
  to   space 1024K, 0% used [0x00000000d6480000,0x00000000d6480000,0x00000000d6580000)
 ParOldGen       total 68608K, used 49075K [0x0000000080000000, 0x0000000084300000, 0x00000000d5580000)
  object space 68608K, 71% used [0x0000000080000000,0x0000000082fecd10,0x0000000084300000)
 Metaspace       used 55810K, committed 57088K, reserved 1114112K
  class space    used 6170K, committed 6720K, reserved 1048576K
}
Event: 78.255 GC heap before
{Heap before GC invocations=36 (full 2):
 PSYoungGen      total 15360K, used 14347K [0x00000000d5580000, 0x00000000d6580000, 0x0000000100000000)
  eden space 13824K, 100% used [0x00000000d5580000,0x00000000d6300000,0x00000000d6300000)
  from space 1536K, 34% used [0x00000000d6300000,0x00000000d6382e58,0x00000000d6480000)
  to   space 1024K, 0% used [0x00000000d6480000,0x00000000d6480000,0x00000000d6580000)
 ParOldGen       total 68608K, used 49075K [0x0000000080000000, 0x0000000084300000, 0x00000000d5580000)
  object space 68608K, 71% used [0x0000000080000000,0x0000000082fecd10,0x0000000084300000)
 Metaspace       used 56389K, committed 57728K, reserved 1114112K
  class space    used 6242K, committed 6784K, reserved 1048576K
}
Event: 78.259 GC heap after
{Heap after GC invocations=36 (full 2):
 PSYoungGen      total 14336K, used 256K [0x00000000d5580000, 0x00000000d6500000, 0x0000000100000000)
  eden space 13824K, 0% used [0x00000000d5580000,0x00000000d5580000,0x00000000d6300000)
  from space 512K, 50% used [0x00000000d6480000,0x00000000d64c0000,0x00000000d6500000)
  to   space 512K, 0% used [0x00000000d6400000,0x00000000d6400000,0x00000000d6480000)
 ParOldGen       total 68608K, used 49557K [0x0000000080000000, 0x0000000084300000, 0x00000000d5580000)
  object space 68608K, 72% used [0x0000000080000000,0x0000000083065538,0x0000000084300000)
 Metaspace       used 56389K, committed 57728K, reserved 1114112K
  class space    used 6242K, committed 6784K, reserved 1048576K
}
Event: 79.245 GC heap before
{Heap before GC invocations=37 (full 2):
 PSYoungGen      total 14336K, used 14080K [0x00000000d5580000, 0x00000000d6500000, 0x0000000100000000)
  eden space 13824K, 100% used [0x00000000d5580000,0x00000000d6300000,0x00000000d6300000)
  from space 512K, 50% used [0x00000000d6480000,0x00000000d64c0000,0x00000000d6500000)
  to   space 512K, 0% used [0x00000000d6400000,0x00000000d6400000,0x00000000d6480000)
 ParOldGen       total 68608K, used 49557K [0x0000000080000000, 0x0000000084300000, 0x00000000d5580000)
  object space 68608K, 72% used [0x0000000080000000,0x0000000083065538,0x0000000084300000)
 Metaspace       used 57232K, committed 58560K, reserved 1114112K
  class space    used 6324K, committed 6912K, reserved 1048576K
}
Event: 79.246 GC heap after
{Heap after GC invocations=37 (full 2):
 PSYoungGen      total 14336K, used 224K [0x00000000d5580000, 0x00000000d6500000, 0x0000000100000000)
  eden space 13824K, 0% used [0x00000000d5580000,0x00000000d5580000,0x00000000d6300000)
  from space 512K, 43% used [0x00000000d6400000,0x00000000d6438000,0x00000000d6480000)
  to   space 512K, 0% used [0x00000000d6480000,0x00000000d6480000,0x00000000d6500000)
 ParOldGen       total 68608K, used 49725K [0x0000000080000000, 0x0000000084300000, 0x00000000d5580000)
  object space 68608K, 72% used [0x0000000080000000,0x000000008308f538,0x0000000084300000)
 Metaspace       used 57232K, committed 58560K, reserved 1114112K
  class space    used 6324K, committed 6912K, reserved 1048576K
}
Event: 79.802 GC heap before
{Heap before GC invocations=38 (full 2):
 PSYoungGen      total 14336K, used 10456K [0x00000000d5580000, 0x00000000d6500000, 0x0000000100000000)
  eden space 13824K, 74% used [0x00000000d5580000,0x00000000d5f7e080,0x00000000d6300000)
  from space 512K, 43% used [0x00000000d6400000,0x00000000d6438000,0x00000000d6480000)
  to   space 512K, 0% used [0x00000000d6480000,0x00000000d6480000,0x00000000d6500000)
 ParOldGen       total 68608K, used 49725K [0x0000000080000000, 0x0000000084300000, 0x00000000d5580000)
  object space 68608K, 72% used [0x0000000080000000,0x000000008308f538,0x0000000084300000)
 Metaspace       used 58514K, committed 59776K, reserved 1114112K
  class space    used 6470K, committed 7040K, reserved 1048576K
}
Event: 79.803 GC heap after
{Heap after GC invocations=38 (full 2):
 PSYoungGen      total 14336K, used 352K [0x00000000d5580000, 0x00000000d6500000, 0x0000000100000000)
  eden space 13824K, 0% used [0x00000000d5580000,0x00000000d5580000,0x00000000d6300000)
  from space 512K, 68% used [0x00000000d6480000,0x00000000d64d8000,0x00000000d6500000)
  to   space 512K, 0% used [0x00000000d6400000,0x00000000d6400000,0x00000000d6480000)
 ParOldGen       total 68608K, used 49885K [0x0000000080000000, 0x0000000084300000, 0x00000000d5580000)
  object space 68608K, 72% used [0x0000000080000000,0x00000000830b7538,0x0000000084300000)
 Metaspace       used 58514K, committed 59776K, reserved 1114112K
  class space    used 6470K, committed 7040K, reserved 1048576K
}
Event: 79.803 GC heap before
{Heap before GC invocations=39 (full 3):
 PSYoungGen      total 14336K, used 352K [0x00000000d5580000, 0x00000000d6500000, 0x0000000100000000)
  eden space 13824K, 0% used [0x00000000d5580000,0x00000000d5580000,0x00000000d6300000)
  from space 512K, 68% used [0x00000000d6480000,0x00000000d64d8000,0x00000000d6500000)
  to   space 512K, 0% used [0x00000000d6400000,0x00000000d6400000,0x00000000d6480000)
 ParOldGen       total 68608K, used 49885K [0x0000000080000000, 0x0000000084300000, 0x00000000d5580000)
  object space 68608K, 72% used [0x0000000080000000,0x00000000830b7538,0x0000000084300000)
 Metaspace       used 58514K, committed 59776K, reserved 1114112K
  class space    used 6470K, committed 7040K, reserved 1048576K
}
Event: 79.991 GC heap after
{Heap after GC invocations=39 (full 3):
 PSYoungGen      total 14336K, used 0K [0x00000000d5580000, 0x00000000d6500000, 0x0000000100000000)
  eden space 13824K, 0% used [0x00000000d5580000,0x00000000d5580000,0x00000000d6300000)
  from space 512K, 0% used [0x00000000d6480000,0x00000000d6480000,0x00000000d6500000)
  to   space 512K, 0% used [0x00000000d6400000,0x00000000d6400000,0x00000000d6480000)
 ParOldGen       total 68608K, used 47282K [0x0000000080000000, 0x0000000084300000, 0x00000000d5580000)
  object space 68608K, 68% used [0x0000000080000000,0x0000000082e2c918,0x0000000084300000)
 Metaspace       used 58514K, committed 59776K, reserved 1114112K
  class space    used 6470K, committed 7040K, reserved 1048576K
}

